<?xml version="1.0" encoding="UTF-8"?>
<testsuite xmlns:xsi="http://www.w3.org/2001/XMLSchema-instance" xsi:noNamespaceSchemaLocation="https://maven.apache.org/surefire/maven-surefire-plugin/xsd/surefire-test-report-3.0.xsd" version="3.0" name="com.ttknpdev.UnderstandThreadsWithSpringBootApiApplicationTests" time="7.424" tests="1" errors="0" skipped="0" failures="0">
  <properties>
[...]
</properties>
  <testcase name="contextLoads" classname="com.ttknpdev.UnderstandThreadsWithSpringBootApiApplicationTests" time="1.96">
    <system-out><![CDATA[15:25:02.703 [main] DEBUG o.s.b.t.c.SpringBootTestContextBootstrapper : Neither @ContextConfiguration nor @ContextHierarchy found for test class [UnderstandThreadsWithSpringBootApiApplicationTests]: using SpringBootContextLoader
15:25:02.708 [main] DEBUG o.s.t.c.s.AbstractContextLoader : Could not detect default resource locations for test class [com.ttknpdev.UnderstandThreadsWithSpringBootApiApplicationTests]: no resource found for suffixes {-context.xml, Context.groovy}.
15:25:02.710 [main] INFO  o.s.t.c.s.AnnotationConfigContextLoaderUtils : Could not detect default configuration classes for test class [com.ttknpdev.UnderstandThreadsWithSpringBootApiApplicationTests]: UnderstandThreadsWithSpringBootApiApplicationTests does not declare any static, non-private, non-final, nested classes annotated with @Configuration.
15:25:02.726 [main] DEBUG o.s.b.t.c.SpringBootTestContextBootstrapper : Using ContextCustomizerFactory implementations for test class [UnderstandThreadsWithSpringBootApiApplicationTests]: [ImportsContextCustomizerFactory, ExcludeFilterContextCustomizerFactory, HttpGraphQlTesterContextCustomizerFactory, DuplicateJsonObjectContextCustomizerFactory, MockitoContextCustomizerFactory, TestRestTemplateContextCustomizerFactory, WebTestClientContextCustomizerFactory, OverrideAutoConfigurationContextCustomizerFactory, ObservabilityContextCustomizerFactory, TypeExcludeFiltersContextCustomizerFactory, PropertyMappingContextCustomizerFactory, WebDriverContextCustomizerFactory, MockServerContainerContextCustomizerFactory, DynamicPropertiesContextCustomizerFactory]
15:25:02.779 [main] DEBUG o.s.b.t.c.SpringBootTestContextBootstrapper : Using ContextCustomizers for test class [UnderstandThreadsWithSpringBootApiApplicationTests]: [ExcludeFilterContextCustomizer, DuplicateJsonObjectContextCustomizer, MockitoContextCustomizer, TestRestTemplateContextCustomizer, DisableObservabilityContextCustomizer, PropertyMappingContextCustomizer, WebDriverContextCustomizer]
15:25:02.958 [main] DEBUG o.s.c.a.ClassPathScanningCandidateComponentProvider : Identified candidate component class: file [B:\practice-java-one-jetbrains\Spring-boot-skills\lab_core_26\understand-theads-with-spring-boot-api\target\classes\com\ttknpdev\UnderstandThreadsWithSpringBootApiApplication.class]
15:25:02.961 [main] INFO  o.s.b.t.c.SpringBootTestContextBootstrapper : Found @SpringBootConfiguration com.ttknpdev.UnderstandThreadsWithSpringBootApiApplication for test class com.ttknpdev.UnderstandThreadsWithSpringBootApiApplicationTests
15:25:03.230 [main] DEBUG o.s.t.c.u.TestContextSpringFactoriesUtils : Skipping candidate TestExecutionListener [org.springframework.test.context.observation.MicrometerObservationRegistryTestExecutionListener] due to a missing dependency. Specify custom TestExecutionListener classes or make the default TestExecutionListener classes and their required dependencies available. Offending class: io.micrometer.context.ThreadLocalAccessor. MicrometerObservationRegistryTestExecutionListener requires io.micrometer:micrometer-observation:1.10.8 or higher and io.micrometer:context-propagation:1.0.3 or higher.
15:25:03.237 [main] DEBUG o.s.t.c.u.TestContextSpringFactoriesUtils : Skipping candidate TestExecutionListener [org.springframework.test.context.transaction.TransactionalTestExecutionListener] due to a missing dependency. Specify custom TestExecutionListener classes or make the default TestExecutionListener classes and their required dependencies available. Offending class: org/springframework/transaction/interceptor/TransactionAttributeSource
15:25:03.241 [main] DEBUG o.s.t.c.u.TestContextSpringFactoriesUtils : Skipping candidate TestExecutionListener [org.springframework.test.context.jdbc.SqlScriptsTestExecutionListener] due to a missing dependency. Specify custom TestExecutionListener classes or make the default TestExecutionListener classes and their required dependencies available. Offending class: org/springframework/transaction/interceptor/TransactionAttribute
15:25:03.244 [main] DEBUG o.s.b.t.c.SpringBootTestContextBootstrapper : Using TestExecutionListeners for test class [UnderstandThreadsWithSpringBootApiApplicationTests]: [ServletTestExecutionListener, DirtiesContextBeforeModesTestExecutionListener, ApplicationEventsTestExecutionListener, MockitoTestExecutionListener, DependencyInjectionTestExecutionListener, DirtiesContextTestExecutionListener, EventPublishingTestExecutionListener, ResetMocksTestExecutionListener, RestDocsTestExecutionListener, MockRestServiceServerResetTestExecutionListener, MockMvcPrintOnlyOnFailureTestExecutionListener, WebDriverTestExecutionListener, MockWebServiceServerTestExecutionListener]
15:25:03.247 [main] DEBUG o.s.t.c.s.DirtiesContextBeforeModesTestExecutionListener : Before test class: class [UnderstandThreadsWithSpringBootApiApplicationTests], class annotated with @DirtiesContext [false] with mode [null]

  .   ____          _            __ _ _
 /\\ / ___'_ __ _ _(_)_ __  __ _ \ \ \ \
( ( )\___ | '_ | '_| | '_ \/ _` | \ \ \ \
 \\/  ___)| |_)| | | | | || (_| |  ) ) ) )
  '  |____| .__|_| |_|_| |_\__, | / / / /
 =========|_|==============|___/=/_/_/_/
 :: Spring Boot ::                (v3.2.5)

15:25:03.948 [main] INFO  c.t.UnderstandThreadsWithSpringBootApiApplicationTests : Starting UnderstandThreadsWithSpringBootApiApplicationTests using Java 17.0.3.1 with PID 12632 (started by User in B:\practice-java-one-jetbrains\Spring-boot-skills\lab_core_26\understand-theads-with-spring-boot-api)
15:25:03.949 [main] DEBUG c.t.UnderstandThreadsWithSpringBootApiApplicationTests : Running with Spring Boot v3.2.5, Spring v6.1.6
15:25:03.951 [main] INFO  c.t.UnderstandThreadsWithSpringBootApiApplicationTests : No active profile set, falling back to 1 default profile: "default"
15:25:03.955 [main] DEBUG o.s.boot.SpringApplication : Loading source class com.ttknpdev.UnderstandThreadsWithSpringBootApiApplication
15:25:04.091 [main] DEBUG o.s.w.c.s.GenericWebApplicationContext : Refreshing org.springframework.web.context.support.GenericWebApplicationContext@cda4919
15:25:04.177 [main] DEBUG o.s.b.f.s.DefaultListableBeanFactory : Creating shared instance of singleton bean 'org.springframework.context.annotation.internalConfigurationAnnotationProcessor'
15:25:04.253 [main] DEBUG o.s.b.f.s.DefaultListableBeanFactory : Creating shared instance of singleton bean 'org.springframework.boot.autoconfigure.internalCachingMetadataReaderFactory'
15:25:04.412 [main] DEBUG o.s.c.a.ClassPathBeanDefinitionScanner : Identified candidate component class: file [B:\practice-java-one-jetbrains\Spring-boot-skills\lab_core_26\understand-theads-with-spring-boot-api\target\classes\com\ttknpdev\controller\RouteControl.class]
15:25:04.419 [main] DEBUG o.s.c.a.ClassPathBeanDefinitionScanner : Identified candidate component class: file [B:\practice-java-one-jetbrains\Spring-boot-skills\lab_core_26\understand-theads-with-spring-boot-api\target\classes\com\ttknpdev\service\LineNotifyService.class]
15:25:05.886 [main] DEBUG o.s.b.f.s.DefaultListableBeanFactory : Creating shared instance of singleton bean 'propertySourcesPlaceholderConfigurer'
15:25:05.933 [main] DEBUG o.s.b.f.s.DefaultListableBeanFactory : Creating shared instance of singleton bean 'org.springframework.boot.test.mock.mockito.MockitoPostProcessor'
15:25:05.954 [main] DEBUG o.s.b.f.s.DefaultListableBeanFactory : Creating shared instance of singleton bean 'org.springframework.boot.sql.init.dependency.DatabaseInitializationDependencyConfigurer$DependsOnDatabaseInitializationPostProcessor'
15:25:06.015 [main] DEBUG o.s.b.f.s.DefaultListableBeanFactory : Creating shared instance of singleton bean 'org.springframework.context.event.internalEventListenerProcessor'
15:25:06.017 [main] DEBUG o.s.b.f.s.DefaultListableBeanFactory : Creating shared instance of singleton bean 'preserveErrorControllerTargetClassPostProcessor'
15:25:06.017 [main] DEBUG o.s.b.f.s.DefaultListableBeanFactory : Creating shared instance of singleton bean 'forceAutoProxyCreatorToUseClassProxying'
15:25:06.018 [main] DEBUG o.s.b.f.s.DefaultListableBeanFactory : Creating shared instance of singleton bean 'org.springframework.context.event.internalEventListenerFactory'
15:25:06.028 [main] DEBUG o.s.b.f.s.DefaultListableBeanFactory : Creating shared instance of singleton bean 'org.springframework.boot.test.mock.mockito.MockitoPostProcessor$SpyPostProcessor'
15:25:06.029 [main] DEBUG o.s.b.f.s.DefaultListableBeanFactory : Creating shared instance of singleton bean 'org.springframework.context.annotation.internalAutowiredAnnotationProcessor'
15:25:06.032 [main] DEBUG o.s.b.f.s.DefaultListableBeanFactory : Creating shared instance of singleton bean 'org.springframework.context.annotation.internalCommonAnnotationProcessor'
15:25:06.036 [main] DEBUG o.s.b.f.s.DefaultListableBeanFactory : Creating shared instance of singleton bean 'org.springframework.boot.context.properties.ConfigurationPropertiesBindingPostProcessor'
15:25:06.036 [main] DEBUG o.s.b.f.s.DefaultListableBeanFactory : Creating shared instance of singleton bean 'org.springframework.boot.context.internalConfigurationPropertiesBinder'
15:25:06.040 [main] DEBUG o.s.b.f.s.DefaultListableBeanFactory : Creating shared instance of singleton bean 'org.springframework.aop.config.internalAutoProxyCreator'
15:25:06.075 [main] DEBUG o.s.b.f.s.DefaultListableBeanFactory : Creating shared instance of singleton bean 'webServerFactoryCustomizerBeanPostProcessor'
15:25:06.085 [main] DEBUG o.s.b.f.s.DefaultListableBeanFactory : Creating shared instance of singleton bean 'errorPageRegistrarBeanPostProcessor'
15:25:06.099 [main] DEBUG o.s.u.c.s.UiApplicationContextUtils : Unable to locate ThemeSource with name 'themeSource': using default [org.springframework.ui.context.support.ResourceBundleThemeSource@4b200971]
15:25:06.102 [main] DEBUG o.s.b.f.s.DefaultListableBeanFactory : Creating shared instance of singleton bean 'understandThreadsWithSpringBootApiApplication'
15:25:06.122 [main] DEBUG o.s.b.f.s.DefaultListableBeanFactory : Creating shared instance of singleton bean 'routeControl'
15:25:06.143 [main] DEBUG o.s.b.f.s.DefaultListableBeanFactory : Creating shared instance of singleton bean 'lineNotifyService'
15:25:06.216 [main] DEBUG o.s.c.e.PropertySourcesPropertyResolver : Found key 'line.notify.url' in PropertySource 'environmentProperties' with value of type String
15:25:06.220 [main] DEBUG o.s.b.c.p.s.ConfigurationPropertySourcesPropertyResolver$DefaultResolver : Found key 'NOTIFY.LINE.TOKEN' in PropertySource 'Config resource 'class path resource [info/token.properties]' via location 'optional:info/token.properties'' with value of type String
15:25:06.222 [main] DEBUG o.s.c.e.PropertySourcesPropertyResolver : Found key 'line.notify.token' in PropertySource 'environmentProperties' with value of type String
15:25:06.228 [main] DEBUG o.s.b.f.s.DefaultListableBeanFactory : Autowiring by type from bean name 'routeControl' via constructor to bean named 'lineNotifyService'
15:25:06.231 [main] DEBUG o.s.b.f.s.DefaultListableBeanFactory : Creating shared instance of singleton bean 'org.springframework.boot.autoconfigure.AutoConfigurationPackages'
15:25:06.233 [main] DEBUG o.s.b.f.s.DefaultListableBeanFactory : Creating shared instance of singleton bean 'org.springframework.boot.autoconfigure.context.PropertyPlaceholderAutoConfiguration'
15:25:06.235 [main] DEBUG o.s.b.f.s.DefaultListableBeanFactory : Creating shared instance of singleton bean 'org.springframework.boot.autoconfigure.ssl.SslAutoConfiguration'
15:25:06.237 [main] DEBUG o.s.b.f.s.DefaultListableBeanFactory : Creating shared instance of singleton bean 'spring.ssl-org.springframework.boot.autoconfigure.ssl.SslProperties'
15:25:06.252 [main] DEBUG o.s.b.f.s.DefaultListableBeanFactory : Creating shared instance of singleton bean 'org.springframework.boot.context.properties.BoundConfigurationProperties'
15:25:06.305 [main] DEBUG o.s.b.f.s.DefaultListableBeanFactory : Autowiring by type from bean name 'org.springframework.boot.autoconfigure.ssl.SslAutoConfiguration' via constructor to bean named 'spring.ssl-org.springframework.boot.autoconfigure.ssl.SslProperties'
15:25:06.305 [main] DEBUG o.s.b.f.s.DefaultListableBeanFactory : Creating shared instance of singleton bean 'fileWatcher'
15:25:06.307 [main] DEBUG o.s.b.f.s.DefaultListableBeanFactory : Creating shared instance of singleton bean 'sslPropertiesSslBundleRegistrar'
15:25:06.310 [main] DEBUG o.s.b.f.s.DefaultListableBeanFactory : Autowiring by type from bean name 'sslPropertiesSslBundleRegistrar' via factory method to bean named 'fileWatcher'
15:25:06.315 [main] DEBUG o.s.b.f.s.DefaultListableBeanFactory : Creating shared instance of singleton bean 'sslBundleRegistry'
15:25:06.324 [main] DEBUG o.s.b.f.s.DefaultListableBeanFactory : Creating shared instance of singleton bean 'org.springframework.boot.context.properties.EnableConfigurationPropertiesRegistrar.methodValidationExcludeFilter'
15:25:06.330 [main] DEBUG o.s.b.f.s.DefaultListableBeanFactory : Creating shared instance of singleton bean 'org.springframework.boot.autoconfigure.websocket.servlet.WebSocketServletAutoConfiguration$TomcatWebSocketConfiguration'
15:25:06.330 [main] DEBUG o.s.b.f.s.DefaultListableBeanFactory : Creating shared instance of singleton bean 'websocketServletWebServerCustomizer'
15:25:06.333 [main] DEBUG o.s.b.f.s.DefaultListableBeanFactory : Creating shared instance of singleton bean 'org.springframework.boot.autoconfigure.websocket.servlet.WebSocketServletAutoConfiguration'
15:25:06.333 [main] DEBUG o.s.b.f.s.DefaultListableBeanFactory : Creating shared instance of singleton bean 'org.springframework.boot.autoconfigure.web.servlet.ServletWebServerFactoryConfiguration$EmbeddedTomcat'
15:25:06.333 [main] DEBUG o.s.b.f.s.DefaultListableBeanFactory : Creating shared instance of singleton bean 'tomcatServletWebServerFactory'
15:25:06.456 [main] DEBUG o.s.b.f.s.DefaultListableBeanFactory : Creating shared instance of singleton bean 'servletWebServerFactoryCustomizer'
15:25:06.457 [main] DEBUG o.s.b.f.s.DefaultListableBeanFactory : Creating shared instance of singleton bean 'org.springframework.boot.autoconfigure.web.servlet.ServletWebServerFactoryAutoConfiguration'
15:25:06.459 [main] DEBUG o.s.b.f.s.DefaultListableBeanFactory : Creating shared instance of singleton bean 'server-org.springframework.boot.autoconfigure.web.ServerProperties'
15:25:06.487 [main] DEBUG o.s.b.f.s.DefaultListableBeanFactory : Autowiring by type from bean name 'servletWebServerFactoryCustomizer' via factory method to bean named 'server-org.springframework.boot.autoconfigure.web.ServerProperties'
15:25:06.493 [main] DEBUG o.s.b.f.s.DefaultListableBeanFactory : Creating shared instance of singleton bean 'tomcatServletWebServerFactoryCustomizer'
15:25:06.494 [main] DEBUG o.s.b.f.s.DefaultListableBeanFactory : Autowiring by type from bean name 'tomcatServletWebServerFactoryCustomizer' via factory method to bean named 'server-org.springframework.boot.autoconfigure.web.ServerProperties'
15:25:06.497 [main] DEBUG o.s.b.f.s.DefaultListableBeanFactory : Creating shared instance of singleton bean 'localeCharsetMappingsCustomizer'
15:25:06.498 [main] DEBUG o.s.b.f.s.DefaultListableBeanFactory : Creating shared instance of singleton bean 'org.springframework.boot.autoconfigure.web.servlet.HttpEncodingAutoConfiguration'
15:25:06.499 [main] DEBUG o.s.b.f.s.DefaultListableBeanFactory : Autowiring by type from bean name 'org.springframework.boot.autoconfigure.web.servlet.HttpEncodingAutoConfiguration' via constructor to bean named 'server-org.springframework.boot.autoconfigure.web.ServerProperties'
15:25:06.549 [main] DEBUG o.s.b.f.s.DefaultListableBeanFactory : Creating shared instance of singleton bean 'errorPageCustomizer'
15:25:06.550 [main] DEBUG o.s.b.f.s.DefaultListableBeanFactory : Creating shared instance of singleton bean 'org.springframework.boot.autoconfigure.web.servlet.error.ErrorMvcAutoConfiguration'
15:25:06.550 [main] DEBUG o.s.b.f.s.DefaultListableBeanFactory : Autowiring by type from bean name 'org.springframework.boot.autoconfigure.web.servlet.error.ErrorMvcAutoConfiguration' via constructor to bean named 'server-org.springframework.boot.autoconfigure.web.ServerProperties'
15:25:06.551 [main] DEBUG o.s.b.f.s.DefaultListableBeanFactory : Creating shared instance of singleton bean 'dispatcherServletRegistration'
15:25:06.551 [main] DEBUG o.s.b.f.s.DefaultListableBeanFactory : Creating shared instance of singleton bean 'org.springframework.boot.autoconfigure.web.servlet.DispatcherServletAutoConfiguration$DispatcherServletRegistrationConfiguration'
15:25:06.552 [main] DEBUG o.s.b.f.s.DefaultListableBeanFactory : Creating shared instance of singleton bean 'dispatcherServlet'
15:25:06.552 [main] DEBUG o.s.b.f.s.DefaultListableBeanFactory : Creating shared instance of singleton bean 'org.springframework.boot.autoconfigure.web.servlet.DispatcherServletAutoConfiguration$DispatcherServletConfiguration'
15:25:06.553 [main] DEBUG o.s.b.f.s.DefaultListableBeanFactory : Creating shared instance of singleton bean 'spring.mvc-org.springframework.boot.autoconfigure.web.servlet.WebMvcProperties'
15:25:06.561 [main] DEBUG o.s.b.f.s.DefaultListableBeanFactory : Autowiring by type from bean name 'dispatcherServlet' via factory method to bean named 'spring.mvc-org.springframework.boot.autoconfigure.web.servlet.WebMvcProperties'
15:25:06.585 [main] DEBUG o.s.b.f.s.DefaultListableBeanFactory : Autowiring by type from bean name 'dispatcherServletRegistration' via factory method to bean named 'dispatcherServlet'
15:25:06.585 [main] DEBUG o.s.b.f.s.DefaultListableBeanFactory : Autowiring by type from bean name 'dispatcherServletRegistration' via factory method to bean named 'spring.mvc-org.springframework.boot.autoconfigure.web.servlet.WebMvcProperties'
15:25:06.588 [main] DEBUG o.s.b.f.s.DefaultListableBeanFactory : Creating shared instance of singleton bean 'multipartConfigElement'
15:25:06.588 [main] DEBUG o.s.b.f.s.DefaultListableBeanFactory : Creating shared instance of singleton bean 'org.springframework.boot.autoconfigure.web.servlet.MultipartAutoConfiguration'
15:25:06.589 [main] DEBUG o.s.b.f.s.DefaultListableBeanFactory : Creating shared instance of singleton bean 'spring.servlet.multipart-org.springframework.boot.autoconfigure.web.servlet.MultipartProperties'
15:25:06.595 [main] DEBUG o.s.b.f.s.DefaultListableBeanFactory : Autowiring by type from bean name 'org.springframework.boot.autoconfigure.web.servlet.MultipartAutoConfiguration' via constructor to bean named 'spring.servlet.multipart-org.springframework.boot.autoconfigure.web.servlet.MultipartProperties'
15:25:06.607 [main] DEBUG o.s.b.f.s.DefaultListableBeanFactory : Autowiring by type from bean name 'errorPageCustomizer' via factory method to bean named 'dispatcherServletRegistration'
15:25:06.610 [main] DEBUG o.s.b.f.s.DefaultListableBeanFactory : Creating shared instance of singleton bean 'org.springframework.boot.autoconfigure.web.servlet.DispatcherServletAutoConfiguration'
15:25:06.611 [main] DEBUG o.s.b.f.s.DefaultListableBeanFactory : Creating shared instance of singleton bean 'org.springframework.boot.autoconfigure.task.TaskExecutorConfigurations$ThreadPoolTaskExecutorBuilderConfiguration'
15:25:06.611 [main] DEBUG o.s.b.f.s.DefaultListableBeanFactory : Creating shared instance of singleton bean 'threadPoolTaskExecutorBuilder'
15:25:06.612 [main] DEBUG o.s.b.f.s.DefaultListableBeanFactory : Creating shared instance of singleton bean 'spring.task.execution-org.springframework.boot.autoconfigure.task.TaskExecutionProperties'
15:25:06.616 [main] DEBUG o.s.b.f.s.DefaultListableBeanFactory : Autowiring by type from bean name 'threadPoolTaskExecutorBuilder' via factory method to bean named 'spring.task.execution-org.springframework.boot.autoconfigure.task.TaskExecutionProperties'
15:25:06.621 [main] DEBUG o.s.b.f.s.DefaultListableBeanFactory : Creating shared instance of singleton bean 'org.springframework.boot.autoconfigure.task.TaskExecutorConfigurations$TaskExecutorBuilderConfiguration'
15:25:06.623 [main] DEBUG o.s.b.f.s.DefaultListableBeanFactory : Creating shared instance of singleton bean 'taskExecutorBuilder'
15:25:06.623 [main] DEBUG o.s.b.f.s.DefaultListableBeanFactory : Autowiring by type from bean name 'taskExecutorBuilder' via factory method to bean named 'spring.task.execution-org.springframework.boot.autoconfigure.task.TaskExecutionProperties'
15:25:06.628 [main] DEBUG o.s.b.f.s.DefaultListableBeanFactory : Creating shared instance of singleton bean 'org.springframework.boot.autoconfigure.task.TaskExecutorConfigurations$SimpleAsyncTaskExecutorBuilderConfiguration'
15:25:06.630 [main] DEBUG o.s.b.f.s.DefaultListableBeanFactory : Autowiring by type from bean name 'org.springframework.boot.autoconfigure.task.TaskExecutorConfigurations$SimpleAsyncTaskExecutorBuilderConfiguration' via constructor to bean named 'spring.task.execution-org.springframework.boot.autoconfigure.task.TaskExecutionProperties'
15:25:06.632 [main] DEBUG o.s.b.f.s.DefaultListableBeanFactory : Creating shared instance of singleton bean 'simpleAsyncTaskExecutorBuilder'
15:25:06.645 [main] DEBUG o.s.b.f.s.DefaultListableBeanFactory : Creating shared instance of singleton bean 'org.springframework.boot.autoconfigure.task.TaskExecutorConfigurations$TaskExecutorConfiguration'
15:25:06.646 [main] DEBUG o.s.b.f.s.DefaultListableBeanFactory : Creating shared instance of singleton bean 'org.springframework.boot.autoconfigure.task.TaskExecutionAutoConfiguration'
15:25:06.647 [main] DEBUG o.s.b.f.s.DefaultListableBeanFactory : Creating shared instance of singleton bean 'org.springframework.boot.autoconfigure.web.servlet.error.ErrorMvcAutoConfiguration$WhitelabelErrorViewConfiguration'
15:25:06.654 [main] DEBUG o.s.b.f.s.DefaultListableBeanFactory : Creating shared instance of singleton bean 'error'
15:25:06.656 [main] DEBUG o.s.b.f.s.DefaultListableBeanFactory : Creating shared instance of singleton bean 'beanNameViewResolver'
15:25:06.680 [main] DEBUG o.s.b.f.s.DefaultListableBeanFactory : Creating shared instance of singleton bean 'org.springframework.boot.autoconfigure.web.servlet.error.ErrorMvcAutoConfiguration$DefaultErrorViewResolverConfiguration'
15:25:06.683 [main] DEBUG o.s.b.f.s.DefaultListableBeanFactory : Creating shared instance of singleton bean 'spring.web-org.springframework.boot.autoconfigure.web.WebProperties'
15:25:06.714 [main] DEBUG o.s.b.f.s.DefaultListableBeanFactory : Autowiring by type from bean name 'org.springframework.boot.autoconfigure.web.servlet.error.ErrorMvcAutoConfiguration$DefaultErrorViewResolverConfiguration' via constructor to bean named 'org.springframework.web.context.support.GenericWebApplicationContext@cda4919'
15:25:06.715 [main] DEBUG o.s.b.f.s.DefaultListableBeanFactory : Autowiring by type from bean name 'org.springframework.boot.autoconfigure.web.servlet.error.ErrorMvcAutoConfiguration$DefaultErrorViewResolverConfiguration' via constructor to bean named 'spring.web-org.springframework.boot.autoconfigure.web.WebProperties'
15:25:06.716 [main] DEBUG o.s.b.f.s.DefaultListableBeanFactory : Creating shared instance of singleton bean 'conventionErrorViewResolver'
15:25:06.747 [main] DEBUG o.s.b.f.s.DefaultListableBeanFactory : Creating shared instance of singleton bean 'errorAttributes'
15:25:06.755 [main] DEBUG o.s.b.f.s.DefaultListableBeanFactory : Creating shared instance of singleton bean 'basicErrorController'
15:25:06.756 [main] DEBUG o.s.b.f.s.DefaultListableBeanFactory : Autowiring by type from bean name 'basicErrorController' via factory method to bean named 'errorAttributes'
15:25:06.763 [main] DEBUG o.s.b.f.s.DefaultListableBeanFactory : Creating shared instance of singleton bean 'org.springframework.boot.autoconfigure.web.servlet.WebMvcAutoConfiguration$EnableWebMvcConfiguration'
15:25:06.765 [main] DEBUG o.s.b.f.s.DefaultListableBeanFactory : Autowiring by type from bean name 'org.springframework.boot.autoconfigure.web.servlet.WebMvcAutoConfiguration$EnableWebMvcConfiguration' via constructor to bean named 'spring.mvc-org.springframework.boot.autoconfigure.web.servlet.WebMvcProperties'
15:25:06.765 [main] DEBUG o.s.b.f.s.DefaultListableBeanFactory : Autowiring by type from bean name 'org.springframework.boot.autoconfigure.web.servlet.WebMvcAutoConfiguration$EnableWebMvcConfiguration' via constructor to bean named 'spring.web-org.springframework.boot.autoconfigure.web.WebProperties'
15:25:06.765 [main] DEBUG o.s.b.f.s.DefaultListableBeanFactory : Autowiring by type from bean name 'org.springframework.boot.autoconfigure.web.servlet.WebMvcAutoConfiguration$EnableWebMvcConfiguration' via constructor to bean named 'org.springframework.beans.factory.support.DefaultListableBeanFactory@11653e3b'
15:25:06.771 [main] DEBUG o.s.b.f.s.DefaultListableBeanFactory : Creating shared instance of singleton bean 'org.springframework.boot.autoconfigure.web.servlet.WebMvcAutoConfiguration$WebMvcAutoConfigurationAdapter'
15:25:06.772 [main] DEBUG o.s.b.f.s.DefaultListableBeanFactory : Autowiring by type from bean name 'org.springframework.boot.autoconfigure.web.servlet.WebMvcAutoConfiguration$WebMvcAutoConfigurationAdapter' via constructor to bean named 'spring.web-org.springframework.boot.autoconfigure.web.WebProperties'
15:25:06.772 [main] DEBUG o.s.b.f.s.DefaultListableBeanFactory : Autowiring by type from bean name 'org.springframework.boot.autoconfigure.web.servlet.WebMvcAutoConfiguration$WebMvcAutoConfigurationAdapter' via constructor to bean named 'spring.mvc-org.springframework.boot.autoconfigure.web.servlet.WebMvcProperties'
15:25:06.772 [main] DEBUG o.s.b.f.s.DefaultListableBeanFactory : Autowiring by type from bean name 'org.springframework.boot.autoconfigure.web.servlet.WebMvcAutoConfiguration$WebMvcAutoConfigurationAdapter' via constructor to bean named 'org.springframework.beans.factory.support.DefaultListableBeanFactory@11653e3b'
15:25:06.774 [main] DEBUG o.s.b.f.s.DefaultListableBeanFactory : Creating shared instance of singleton bean 'welcomePageHandlerMapping'
15:25:06.775 [main] DEBUG o.s.b.f.s.DefaultListableBeanFactory : Creating shared instance of singleton bean 'mvcConversionService'
15:25:06.786 [main] DEBUG o.s.b.f.s.DefaultListableBeanFactory : Creating shared instance of singleton bean 'mvcResourceUrlProvider'
15:25:06.798 [main] DEBUG o.s.b.f.s.DefaultListableBeanFactory : Autowiring by type from bean name 'welcomePageHandlerMapping' via factory method to bean named 'org.springframework.web.context.support.GenericWebApplicationContext@cda4919'
15:25:06.799 [main] DEBUG o.s.b.f.s.DefaultListableBeanFactory : Autowiring by type from bean name 'welcomePageHandlerMapping' via factory method to bean named 'mvcConversionService'
15:25:06.799 [main] DEBUG o.s.b.f.s.DefaultListableBeanFactory : Autowiring by type from bean name 'welcomePageHandlerMapping' via factory method to bean named 'mvcResourceUrlProvider'
15:25:06.833 [main] DEBUG o.s.b.f.s.DefaultListableBeanFactory : Creating shared instance of singleton bean 'welcomePageNotAcceptableHandlerMapping'
15:25:06.834 [main] DEBUG o.s.b.f.s.DefaultListableBeanFactory : Autowiring by type from bean name 'welcomePageNotAcceptableHandlerMapping' via factory method to bean named 'org.springframework.web.context.support.GenericWebApplicationContext@cda4919'
15:25:06.834 [main] DEBUG o.s.b.f.s.DefaultListableBeanFactory : Autowiring by type from bean name 'welcomePageNotAcceptableHandlerMapping' via factory method to bean named 'mvcConversionService'
15:25:06.834 [main] DEBUG o.s.b.f.s.DefaultListableBeanFactory : Autowiring by type from bean name 'welcomePageNotAcceptableHandlerMapping' via factory method to bean named 'mvcResourceUrlProvider'
15:25:06.845 [main] DEBUG o.s.b.f.s.DefaultListableBeanFactory : Creating shared instance of singleton bean 'localeResolver'
15:25:06.858 [main] DEBUG o.s.b.f.s.DefaultListableBeanFactory : Creating shared instance of singleton bean 'themeResolver'
15:25:06.871 [main] DEBUG o.s.b.f.s.DefaultListableBeanFactory : Creating shared instance of singleton bean 'flashMapManager'
15:25:06.894 [main] DEBUG o.s.b.f.s.DefaultListableBeanFactory : Creating shared instance of singleton bean 'mvcValidator'
15:25:06.896 [main] DEBUG o.s.b.f.s.DefaultListableBeanFactory : Creating shared instance of singleton bean 'mvcContentNegotiationManager'
15:25:06.903 [main] DEBUG o.s.b.f.s.DefaultListableBeanFactory : Creating shared instance of singleton bean 'requestMappingHandlerMapping'
15:25:06.913 [main] DEBUG o.s.b.f.s.DefaultListableBeanFactory : Autowiring by type from bean name 'requestMappingHandlerMapping' via factory method to bean named 'mvcContentNegotiationManager'
15:25:06.913 [main] DEBUG o.s.b.f.s.DefaultListableBeanFactory : Autowiring by type from bean name 'requestMappingHandlerMapping' via factory method to bean named 'mvcConversionService'
15:25:06.913 [main] DEBUG o.s.b.f.s.DefaultListableBeanFactory : Autowiring by type from bean name 'requestMappingHandlerMapping' via factory method to bean named 'mvcResourceUrlProvider'
15:25:06.987 [main] DEBUG _.s.w.s.HandlerMapping.Mappings : 
	c.t.c.RouteControl:
	{GET [/initial-reminder]}: initial()
	{GET [/server]}: testServer()
15:25:07.010 [main] DEBUG _.s.w.s.HandlerMapping.Mappings : 
	o.s.b.a.w.s.e.BasicErrorController:
	{ [/error]}: error(HttpServletRequest)
	{ [/error], produces [text/html]}: errorHtml(HttpServletRequest,HttpServletResponse)
15:25:07.029 [main] DEBUG o.s.w.s.m.m.a.RequestMappingHandlerMapping : 4 mappings in 'requestMappingHandlerMapping'
15:25:07.030 [main] DEBUG o.s.b.f.s.DefaultListableBeanFactory : Creating shared instance of singleton bean 'mvcPatternParser'
15:25:07.031 [main] DEBUG o.s.b.f.s.DefaultListableBeanFactory : Creating shared instance of singleton bean 'mvcUrlPathHelper'
15:25:07.032 [main] DEBUG o.s.b.f.s.DefaultListableBeanFactory : Creating shared instance of singleton bean 'mvcPathMatcher'
15:25:07.033 [main] DEBUG o.s.b.f.s.DefaultListableBeanFactory : Creating shared instance of singleton bean 'viewControllerHandlerMapping'
15:25:07.034 [main] DEBUG o.s.b.f.s.DefaultListableBeanFactory : Autowiring by type from bean name 'viewControllerHandlerMapping' via factory method to bean named 'mvcConversionService'
15:25:07.034 [main] DEBUG o.s.b.f.s.DefaultListableBeanFactory : Autowiring by type from bean name 'viewControllerHandlerMapping' via factory method to bean named 'mvcResourceUrlProvider'
15:25:07.036 [main] DEBUG o.s.b.f.s.DefaultListableBeanFactory : Creating shared instance of singleton bean 'beanNameHandlerMapping'
15:25:07.037 [main] DEBUG o.s.b.f.s.DefaultListableBeanFactory : Autowiring by type from bean name 'beanNameHandlerMapping' via factory method to bean named 'mvcConversionService'
15:25:07.038 [main] DEBUG o.s.b.f.s.DefaultListableBeanFactory : Autowiring by type from bean name 'beanNameHandlerMapping' via factory method to bean named 'mvcResourceUrlProvider'
15:25:07.041 [main] DEBUG _.s.w.s.HandlerMapping.Mappings : 'beanNameHandlerMapping' {}
15:25:07.042 [main] DEBUG o.s.b.f.s.DefaultListableBeanFactory : Creating shared instance of singleton bean 'routerFunctionMapping'
15:25:07.042 [main] DEBUG o.s.b.f.s.DefaultListableBeanFactory : Autowiring by type from bean name 'routerFunctionMapping' via factory method to bean named 'mvcConversionService'
15:25:07.042 [main] DEBUG o.s.b.f.s.DefaultListableBeanFactory : Autowiring by type from bean name 'routerFunctionMapping' via factory method to bean named 'mvcResourceUrlProvider'
15:25:07.044 [main] DEBUG o.s.b.f.s.DefaultListableBeanFactory : Creating shared instance of singleton bean 'messageConverters'
15:25:07.045 [main] DEBUG o.s.b.f.s.DefaultListableBeanFactory : Creating shared instance of singleton bean 'org.springframework.boot.autoconfigure.http.HttpMessageConvertersAutoConfiguration'
15:25:07.049 [main] DEBUG o.s.b.f.s.DefaultListableBeanFactory : Creating shared instance of singleton bean 'stringHttpMessageConverter'
15:25:07.049 [main] DEBUG o.s.b.f.s.DefaultListableBeanFactory : Creating shared instance of singleton bean 'org.springframework.boot.autoconfigure.http.HttpMessageConvertersAutoConfiguration$StringHttpMessageConverterConfiguration'
15:25:07.050 [main] DEBUG o.s.b.f.s.DefaultListableBeanFactory : Autowiring by type from bean name 'stringHttpMessageConverter' via factory method to bean named 'environment'
15:25:07.058 [main] DEBUG o.s.b.f.s.DefaultListableBeanFactory : Creating shared instance of singleton bean 'mappingJackson2HttpMessageConverter'
15:25:07.058 [main] DEBUG o.s.b.f.s.DefaultListableBeanFactory : Creating shared instance of singleton bean 'org.springframework.boot.autoconfigure.http.JacksonHttpMessageConvertersConfiguration$MappingJackson2HttpMessageConverterConfiguration'
15:25:07.059 [main] DEBUG o.s.b.f.s.DefaultListableBeanFactory : Creating shared instance of singleton bean 'jacksonObjectMapper'
15:25:07.060 [main] DEBUG o.s.b.f.s.DefaultListableBeanFactory : Creating shared instance of singleton bean 'org.springframework.boot.autoconfigure.jackson.JacksonAutoConfiguration$JacksonObjectMapperConfiguration'
15:25:07.061 [main] DEBUG o.s.b.f.s.DefaultListableBeanFactory : Creating shared instance of singleton bean 'org.springframework.boot.autoconfigure.jackson.JacksonAutoConfiguration$JacksonObjectMapperBuilderConfiguration'
15:25:07.062 [main] DEBUG o.s.b.f.s.DefaultListableBeanFactory : Creating shared instance of singleton bean 'standardJacksonObjectMapperBuilderCustomizer'
15:25:07.063 [main] DEBUG o.s.b.f.s.DefaultListableBeanFactory : Creating shared instance of singleton bean 'org.springframework.boot.autoconfigure.jackson.JacksonAutoConfiguration$Jackson2ObjectMapperBuilderCustomizerConfiguration'
15:25:07.063 [main] DEBUG o.s.b.f.s.DefaultListableBeanFactory : Creating shared instance of singleton bean 'spring.jackson-org.springframework.boot.autoconfigure.jackson.JacksonProperties'
15:25:07.069 [main] DEBUG o.s.b.f.s.DefaultListableBeanFactory : Autowiring by type from bean name 'standardJacksonObjectMapperBuilderCustomizer' via factory method to bean named 'spring.jackson-org.springframework.boot.autoconfigure.jackson.JacksonProperties'
15:25:07.070 [main] DEBUG o.s.b.f.s.DefaultListableBeanFactory : Creating shared instance of singleton bean 'parameterNamesModule'
15:25:07.070 [main] DEBUG o.s.b.f.s.DefaultListableBeanFactory : Creating shared instance of singleton bean 'org.springframework.boot.autoconfigure.jackson.JacksonAutoConfiguration$ParameterNamesModuleConfiguration'
15:25:07.099 [main] DEBUG o.s.b.f.s.DefaultListableBeanFactory : Creating shared instance of singleton bean 'jsonMixinModule'
15:25:07.099 [main] DEBUG o.s.b.f.s.DefaultListableBeanFactory : Creating shared instance of singleton bean 'org.springframework.boot.autoconfigure.jackson.JacksonAutoConfiguration$JacksonMixinConfiguration'
15:25:07.101 [main] DEBUG o.s.b.f.s.DefaultListableBeanFactory : Creating shared instance of singleton bean 'jsonMixinModuleEntries'
15:25:07.102 [main] DEBUG o.s.b.f.s.DefaultListableBeanFactory : Autowiring by type from bean name 'jsonMixinModuleEntries' via factory method to bean named 'org.springframework.web.context.support.GenericWebApplicationContext@cda4919'
15:25:07.103 [main] DEBUG o.s.b.a.AutoConfigurationPackages : @EnableAutoConfiguration was declared on a class in the package 'com.ttknpdev'. Automatic @Repository and @Entity scanning is enabled.
15:25:07.118 [main] DEBUG o.s.b.f.s.DefaultListableBeanFactory : Autowiring by type from bean name 'jsonMixinModule' via factory method to bean named 'org.springframework.web.context.support.GenericWebApplicationContext@cda4919'
15:25:07.118 [main] DEBUG o.s.b.f.s.DefaultListableBeanFactory : Autowiring by type from bean name 'jsonMixinModule' via factory method to bean named 'jsonMixinModuleEntries'
15:25:07.121 [main] DEBUG o.s.b.f.s.DefaultListableBeanFactory : Creating shared instance of singleton bean 'jsonComponentModule'
15:25:07.121 [main] DEBUG o.s.b.f.s.DefaultListableBeanFactory : Creating shared instance of singleton bean 'org.springframework.boot.autoconfigure.jackson.JacksonAutoConfiguration'
15:25:07.128 [main] DEBUG o.s.b.f.s.DefaultListableBeanFactory : Autowiring by type from bean name 'jacksonObjectMapperBuilder' via factory method to bean named 'org.springframework.web.context.support.GenericWebApplicationContext@cda4919'
15:25:07.128 [main] DEBUG o.s.b.f.s.DefaultListableBeanFactory : Autowiring by type from bean name 'jacksonObjectMapperBuilder' via factory method to bean named 'standardJacksonObjectMapperBuilderCustomizer'
15:25:07.145 [main] DEBUG o.s.b.f.s.DefaultListableBeanFactory : Autowiring by type from bean name 'jacksonObjectMapper' via factory method to bean named 'jacksonObjectMapperBuilder'
15:25:07.174 [main] DEBUG o.s.b.f.s.DefaultListableBeanFactory : Autowiring by type from bean name 'mappingJackson2HttpMessageConverter' via factory method to bean named 'jacksonObjectMapper'
15:25:07.216 [main] DEBUG o.s.b.f.s.DefaultListableBeanFactory : Creating shared instance of singleton bean 'resourceHandlerMapping'
15:25:07.217 [main] DEBUG o.s.b.f.s.DefaultListableBeanFactory : Autowiring by type from bean name 'resourceHandlerMapping' via factory method to bean named 'mvcContentNegotiationManager'
15:25:07.217 [main] DEBUG o.s.b.f.s.DefaultListableBeanFactory : Autowiring by type from bean name 'resourceHandlerMapping' via factory method to bean named 'mvcConversionService'
15:25:07.219 [main] DEBUG o.s.b.f.s.DefaultListableBeanFactory : Autowiring by type from bean name 'resourceHandlerMapping' via factory method to bean named 'mvcResourceUrlProvider'
15:25:07.257 [main] DEBUG _.s.w.s.HandlerMapping.Mappings : 'resourceHandlerMapping' {/webjars/**=ResourceHttpRequestHandler [classpath [META-INF/resources/webjars/]], /**=ResourceHttpRequestHandler [classpath [META-INF/resources/], classpath [resources/], classpath [static/], classpath [public/], ServletContext [/]]}
15:25:07.258 [main] DEBUG o.s.b.f.s.DefaultListableBeanFactory : Creating shared instance of singleton bean 'defaultServletHandlerMapping'
15:25:07.258 [main] DEBUG o.s.b.f.s.DefaultListableBeanFactory : Creating shared instance of singleton bean 'requestMappingHandlerAdapter'
15:25:07.259 [main] DEBUG o.s.b.f.s.DefaultListableBeanFactory : Autowiring by type from bean name 'requestMappingHandlerAdapter' via factory method to bean named 'mvcContentNegotiationManager'
15:25:07.259 [main] DEBUG o.s.b.f.s.DefaultListableBeanFactory : Autowiring by type from bean name 'requestMappingHandlerAdapter' via factory method to bean named 'mvcConversionService'
15:25:07.260 [main] DEBUG o.s.b.f.s.DefaultListableBeanFactory : Autowiring by type from bean name 'requestMappingHandlerAdapter' via factory method to bean named 'mvcValidator'
15:25:07.278 [main] DEBUG o.s.b.f.s.DefaultListableBeanFactory : Creating shared instance of singleton bean 'applicationTaskExecutor'
15:25:07.279 [main] DEBUG o.s.b.f.s.DefaultListableBeanFactory : Autowiring by type from bean name 'applicationTaskExecutor' via factory method to bean named 'taskExecutorBuilder'
15:25:07.292 [main] DEBUG o.s.s.c.ThreadPoolTaskExecutor : Initializing ExecutorService 'applicationTaskExecutor'
15:25:07.329 [main] DEBUG o.s.w.s.m.m.a.RequestMappingHandlerAdapter : ControllerAdvice beans: 0 @ModelAttribute, 0 @InitBinder, 1 RequestBodyAdvice, 1 ResponseBodyAdvice
15:25:07.424 [main] DEBUG o.s.b.f.s.DefaultListableBeanFactory : Creating shared instance of singleton bean 'handlerFunctionAdapter'
15:25:07.437 [main] DEBUG o.s.b.f.s.DefaultListableBeanFactory : Creating shared instance of singleton bean 'mvcUriComponentsContributor'
15:25:07.438 [main] DEBUG o.s.b.f.s.DefaultListableBeanFactory : Autowiring by type from bean name 'mvcUriComponentsContributor' via factory method to bean named 'mvcConversionService'
15:25:07.438 [main] DEBUG o.s.b.f.s.DefaultListableBeanFactory : Autowiring by type from bean name 'mvcUriComponentsContributor' via factory method to bean named 'requestMappingHandlerAdapter'
15:25:07.441 [main] DEBUG o.s.b.f.s.DefaultListableBeanFactory : Creating shared instance of singleton bean 'httpRequestHandlerAdapter'
15:25:07.442 [main] DEBUG o.s.b.f.s.DefaultListableBeanFactory : Creating shared instance of singleton bean 'simpleControllerHandlerAdapter'
15:25:07.443 [main] DEBUG o.s.b.f.s.DefaultListableBeanFactory : Creating shared instance of singleton bean 'handlerExceptionResolver'
15:25:07.443 [main] DEBUG o.s.b.f.s.DefaultListableBeanFactory : Autowiring by type from bean name 'handlerExceptionResolver' via factory method to bean named 'mvcContentNegotiationManager'
15:25:07.451 [main] DEBUG o.s.w.s.m.m.a.ExceptionHandlerExceptionResolver : ControllerAdvice beans: 0 @ExceptionHandler, 1 ResponseBodyAdvice
15:25:07.455 [main] DEBUG o.s.b.f.s.DefaultListableBeanFactory : Creating shared instance of singleton bean 'mvcViewResolver'
15:25:07.456 [main] DEBUG o.s.b.f.s.DefaultListableBeanFactory : Autowiring by type from bean name 'mvcViewResolver' via factory method to bean named 'mvcContentNegotiationManager'
15:25:07.466 [main] DEBUG o.s.b.f.s.DefaultListableBeanFactory : Creating shared instance of singleton bean 'viewNameTranslator'
15:25:07.467 [main] DEBUG o.s.b.f.s.DefaultListableBeanFactory : Creating shared instance of singleton bean 'defaultViewResolver'
15:25:07.489 [main] DEBUG o.s.b.f.s.DefaultListableBeanFactory : Creating shared instance of singleton bean 'viewResolver'
15:25:07.490 [main] DEBUG o.s.b.f.s.DefaultListableBeanFactory : Autowiring by type from bean name 'viewResolver' via factory method to bean named 'org.springframework.beans.factory.support.DefaultListableBeanFactory@11653e3b'
15:25:07.493 [main] DEBUG o.s.b.f.s.DefaultListableBeanFactory : Creating shared instance of singleton bean 'viewResolver'
15:25:07.499 [main] DEBUG o.s.b.f.s.DefaultListableBeanFactory : Creating shared instance of singleton bean 'requestContextFilter'
15:25:07.506 [main] DEBUG o.s.b.f.s.DefaultListableBeanFactory : Creating shared instance of singleton bean 'org.springframework.boot.autoconfigure.web.servlet.WebMvcAutoConfiguration'
15:25:07.507 [main] DEBUG o.s.b.f.s.DefaultListableBeanFactory : Creating shared instance of singleton bean 'formContentFilter'
15:25:07.510 [main] DEBUG o.s.b.f.s.DefaultListableBeanFactory : Creating shared instance of singleton bean 'org.springframework.boot.autoconfigure.aop.AopAutoConfiguration$ClassProxyingConfiguration'
15:25:07.511 [main] DEBUG o.s.b.f.s.DefaultListableBeanFactory : Creating shared instance of singleton bean 'org.springframework.boot.autoconfigure.aop.AopAutoConfiguration'
15:25:07.512 [main] DEBUG o.s.b.f.s.DefaultListableBeanFactory : Creating shared instance of singleton bean 'org.springframework.boot.autoconfigure.availability.ApplicationAvailabilityAutoConfiguration'
15:25:07.512 [main] DEBUG o.s.b.f.s.DefaultListableBeanFactory : Creating shared instance of singleton bean 'applicationAvailability'
15:25:07.514 [main] DEBUG o.s.b.f.s.DefaultListableBeanFactory : Creating shared instance of singleton bean 'org.springframework.boot.autoconfigure.context.ConfigurationPropertiesAutoConfiguration'
15:25:07.515 [main] DEBUG o.s.b.f.s.DefaultListableBeanFactory : Creating shared instance of singleton bean 'org.springframework.boot.autoconfigure.context.LifecycleAutoConfiguration'
15:25:07.515 [main] DEBUG o.s.b.f.s.DefaultListableBeanFactory : Creating shared instance of singleton bean 'lifecycleProcessor'
15:25:07.516 [main] DEBUG o.s.b.f.s.DefaultListableBeanFactory : Creating shared instance of singleton bean 'spring.lifecycle-org.springframework.boot.autoconfigure.context.LifecycleProperties'
15:25:07.518 [main] DEBUG o.s.b.f.s.DefaultListableBeanFactory : Autowiring by type from bean name 'lifecycleProcessor' via factory method to bean named 'spring.lifecycle-org.springframework.boot.autoconfigure.context.LifecycleProperties'
15:25:07.521 [main] DEBUG o.s.b.f.s.DefaultListableBeanFactory : Creating shared instance of singleton bean 'org.springframework.boot.autoconfigure.http.JacksonHttpMessageConvertersConfiguration'
15:25:07.522 [main] DEBUG o.s.b.f.s.DefaultListableBeanFactory : Creating shared instance of singleton bean 'org.springframework.boot.autoconfigure.info.ProjectInfoAutoConfiguration'
15:25:07.526 [main] DEBUG o.s.b.f.s.DefaultListableBeanFactory : Creating shared instance of singleton bean 'spring.info-org.springframework.boot.autoconfigure.info.ProjectInfoProperties'
15:25:07.528 [main] DEBUG o.s.b.f.s.DefaultListableBeanFactory : Autowiring by type from bean name 'org.springframework.boot.autoconfigure.info.ProjectInfoAutoConfiguration' via constructor to bean named 'spring.info-org.springframework.boot.autoconfigure.info.ProjectInfoProperties'
15:25:07.529 [main] DEBUG o.s.b.f.s.DefaultListableBeanFactory : Creating shared instance of singleton bean 'org.springframework.boot.autoconfigure.sql.init.SqlInitializationAutoConfiguration'
15:25:07.530 [main] DEBUG o.s.b.f.s.DefaultListableBeanFactory : Creating shared instance of singleton bean 'spring.sql.init-org.springframework.boot.autoconfigure.sql.init.SqlInitializationProperties'
15:25:07.533 [main] DEBUG o.s.b.f.s.DefaultListableBeanFactory : Creating shared instance of singleton bean 'org.springframework.boot.autoconfigure.task.TaskSchedulingConfigurations$ThreadPoolTaskSchedulerBuilderConfiguration'
15:25:07.534 [main] DEBUG o.s.b.f.s.DefaultListableBeanFactory : Creating shared instance of singleton bean 'threadPoolTaskSchedulerBuilder'
15:25:07.534 [main] DEBUG o.s.b.f.s.DefaultListableBeanFactory : Creating shared instance of singleton bean 'spring.task.scheduling-org.springframework.boot.autoconfigure.task.TaskSchedulingProperties'
15:25:07.537 [main] DEBUG o.s.b.f.s.DefaultListableBeanFactory : Autowiring by type from bean name 'threadPoolTaskSchedulerBuilder' via factory method to bean named 'spring.task.scheduling-org.springframework.boot.autoconfigure.task.TaskSchedulingProperties'
15:25:07.552 [main] DEBUG o.s.b.f.s.DefaultListableBeanFactory : Creating shared instance of singleton bean 'org.springframework.boot.autoconfigure.task.TaskSchedulingConfigurations$TaskSchedulerBuilderConfiguration'
15:25:07.553 [main] DEBUG o.s.b.f.s.DefaultListableBeanFactory : Creating shared instance of singleton bean 'taskSchedulerBuilder'
15:25:07.553 [main] DEBUG o.s.b.f.s.DefaultListableBeanFactory : Autowiring by type from bean name 'taskSchedulerBuilder' via factory method to bean named 'spring.task.scheduling-org.springframework.boot.autoconfigure.task.TaskSchedulingProperties'
15:25:07.557 [main] DEBUG o.s.b.f.s.DefaultListableBeanFactory : Creating shared instance of singleton bean 'org.springframework.boot.autoconfigure.task.TaskSchedulingConfigurations$SimpleAsyncTaskSchedulerBuilderConfiguration'
15:25:07.559 [main] DEBUG o.s.b.f.s.DefaultListableBeanFactory : Autowiring by type from bean name 'org.springframework.boot.autoconfigure.task.TaskSchedulingConfigurations$SimpleAsyncTaskSchedulerBuilderConfiguration' via constructor to bean named 'spring.task.scheduling-org.springframework.boot.autoconfigure.task.TaskSchedulingProperties'
15:25:07.559 [main] DEBUG o.s.b.f.s.DefaultListableBeanFactory : Creating shared instance of singleton bean 'simpleAsyncTaskSchedulerBuilder'
15:25:07.572 [main] DEBUG o.s.b.f.s.DefaultListableBeanFactory : Creating shared instance of singleton bean 'org.springframework.boot.autoconfigure.task.TaskSchedulingAutoConfiguration'
15:25:07.574 [main] DEBUG o.s.b.f.s.DefaultListableBeanFactory : Creating shared instance of singleton bean 'org.springframework.boot.autoconfigure.web.client.RestClientAutoConfiguration'
15:25:07.574 [main] DEBUG o.s.b.f.s.DefaultListableBeanFactory : Creating shared instance of singleton bean 'httpMessageConvertersRestClientCustomizer'
15:25:07.576 [main] DEBUG o.s.b.f.s.DefaultListableBeanFactory : Creating shared instance of singleton bean 'restClientSsl'
15:25:07.577 [main] DEBUG o.s.b.f.s.DefaultListableBeanFactory : Autowiring by type from bean name 'restClientSsl' via factory method to bean named 'sslBundleRegistry'
15:25:07.579 [main] DEBUG o.s.b.f.s.DefaultListableBeanFactory : Creating shared instance of singleton bean 'restClientBuilderConfigurer'
15:25:07.581 [main] DEBUG o.s.b.f.s.DefaultListableBeanFactory : Creating shared instance of singleton bean 'org.springframework.boot.autoconfigure.web.client.RestTemplateAutoConfiguration'
15:25:07.582 [main] DEBUG o.s.b.f.s.DefaultListableBeanFactory : Creating shared instance of singleton bean 'characterEncodingFilter'
15:25:07.586 [main] DEBUG o.s.b.f.s.DefaultListableBeanFactory : Creating shared instance of singleton bean 'multipartResolver'
15:25:07.619 [main] DEBUG o.s.c.s.DefaultLifecycleProcessor : Starting beans in phase -2147483647
15:25:07.619 [main] DEBUG o.s.c.s.DefaultLifecycleProcessor : Successfully started bean 'springBootLoggingLifecycle'
15:25:07.620 [main] DEBUG o.s.c.s.DefaultLifecycleProcessor : Starting beans in phase 2147483647
15:25:07.670 [main] DEBUG o.s.b.a.l.ConditionEvaluationReportLogger : 


============================
CONDITIONS EVALUATION REPORT
============================


Positive matches:
-----------------

   AopAutoConfiguration matched:
      - @ConditionalOnProperty (spring.aop.auto=true) matched (OnPropertyCondition)

   AopAutoConfiguration.ClassProxyingConfiguration matched:
      - @ConditionalOnMissingClass did not find unwanted class 'org.aspectj.weaver.Advice' (OnClassCondition)
      - @ConditionalOnProperty (spring.aop.proxy-target-class=true) matched (OnPropertyCondition)

   ApplicationAvailabilityAutoConfiguration#applicationAvailability matched:
      - @ConditionalOnMissingBean (types: org.springframework.boot.availability.ApplicationAvailability; SearchStrategy: all) did not find any beans (OnBeanCondition)

   DispatcherServletAutoConfiguration matched:
      - @ConditionalOnClass found required class 'org.springframework.web.servlet.DispatcherServlet' (OnClassCondition)
      - found 'session' scope (OnWebApplicationCondition)

   DispatcherServletAutoConfiguration.DispatcherServletConfiguration matched:
      - @ConditionalOnClass found required class 'jakarta.servlet.ServletRegistration' (OnClassCondition)
      - Default DispatcherServlet did not find dispatcher servlet beans (DispatcherServletAutoConfiguration.DefaultDispatcherServletCondition)

   DispatcherServletAutoConfiguration.DispatcherServletRegistrationConfiguration matched:
      - @ConditionalOnClass found required class 'jakarta.servlet.ServletRegistration' (OnClassCondition)
      - DispatcherServlet Registration did not find servlet registration bean (DispatcherServletAutoConfiguration.DispatcherServletRegistrationCondition)

   DispatcherServletAutoConfiguration.DispatcherServletRegistrationConfiguration#dispatcherServletRegistration matched:
      - @ConditionalOnBean (names: dispatcherServlet types: org.springframework.web.servlet.DispatcherServlet; SearchStrategy: all) found bean 'dispatcherServlet' (OnBeanCondition)

   ErrorMvcAutoConfiguration matched:
      - @ConditionalOnClass found required classes 'jakarta.servlet.Servlet', 'org.springframework.web.servlet.DispatcherServlet' (OnClassCondition)
      - found 'session' scope (OnWebApplicationCondition)

   ErrorMvcAutoConfiguration#basicErrorController matched:
      - @ConditionalOnMissingBean (types: org.springframework.boot.web.servlet.error.ErrorController; SearchStrategy: current) did not find any beans (OnBeanCondition)

   ErrorMvcAutoConfiguration#errorAttributes matched:
      - @ConditionalOnMissingBean (types: org.springframework.boot.web.servlet.error.ErrorAttributes; SearchStrategy: current) did not find any beans (OnBeanCondition)

   ErrorMvcAutoConfiguration.DefaultErrorViewResolverConfiguration#conventionErrorViewResolver matched:
      - @ConditionalOnBean (types: org.springframework.web.servlet.DispatcherServlet; SearchStrategy: all) found bean 'dispatcherServlet'; @ConditionalOnMissingBean (types: org.springframework.boot.autoconfigure.web.servlet.error.ErrorViewResolver; SearchStrategy: all) did not find any beans (OnBeanCondition)

   ErrorMvcAutoConfiguration.WhitelabelErrorViewConfiguration matched:
      - @ConditionalOnProperty (server.error.whitelabel.enabled) matched (OnPropertyCondition)
      - ErrorTemplate Missing did not find error template view (ErrorMvcAutoConfiguration.ErrorTemplateMissingCondition)

   ErrorMvcAutoConfiguration.WhitelabelErrorViewConfiguration#beanNameViewResolver matched:
      - @ConditionalOnMissingBean (types: org.springframework.web.servlet.view.BeanNameViewResolver; SearchStrategy: all) did not find any beans (OnBeanCondition)

   ErrorMvcAutoConfiguration.WhitelabelErrorViewConfiguration#defaultErrorView matched:
      - @ConditionalOnMissingBean (names: error; SearchStrategy: all) did not find any beans (OnBeanCondition)

   GenericCacheConfiguration matched:
      - Cache org.springframework.boot.autoconfigure.cache.GenericCacheConfiguration automatic cache type (CacheCondition)

   HttpEncodingAutoConfiguration matched:
      - @ConditionalOnClass found required class 'org.springframework.web.filter.CharacterEncodingFilter' (OnClassCondition)
      - found 'session' scope (OnWebApplicationCondition)
      - @ConditionalOnProperty (server.servlet.encoding.enabled) matched (OnPropertyCondition)

   HttpEncodingAutoConfiguration#characterEncodingFilter matched:
      - @ConditionalOnMissingBean (types: org.springframework.web.filter.CharacterEncodingFilter; SearchStrategy: all) did not find any beans (OnBeanCondition)

   HttpMessageConvertersAutoConfiguration matched:
      - @ConditionalOnClass found required class 'org.springframework.http.converter.HttpMessageConverter' (OnClassCondition)
      - NoneNestedConditions 0 matched 1 did not; NestedCondition on HttpMessageConvertersAutoConfiguration.NotReactiveWebApplicationCondition.ReactiveWebApplication did not find reactive web application classes (HttpMessageConvertersAutoConfiguration.NotReactiveWebApplicationCondition)

   HttpMessageConvertersAutoConfiguration#messageConverters matched:
      - @ConditionalOnMissingBean (types: org.springframework.boot.autoconfigure.http.HttpMessageConverters; SearchStrategy: all) did not find any beans (OnBeanCondition)

   HttpMessageConvertersAutoConfiguration.StringHttpMessageConverterConfiguration matched:
      - @ConditionalOnClass found required class 'org.springframework.http.converter.StringHttpMessageConverter' (OnClassCondition)

   HttpMessageConvertersAutoConfiguration.StringHttpMessageConverterConfiguration#stringHttpMessageConverter matched:
      - @ConditionalOnMissingBean (types: org.springframework.http.converter.StringHttpMessageConverter; SearchStrategy: all) did not find any beans (OnBeanCondition)

   JacksonAutoConfiguration matched:
      - @ConditionalOnClass found required class 'com.fasterxml.jackson.databind.ObjectMapper' (OnClassCondition)

   JacksonAutoConfiguration.Jackson2ObjectMapperBuilderCustomizerConfiguration matched:
      - @ConditionalOnClass found required class 'org.springframework.http.converter.json.Jackson2ObjectMapperBuilder' (OnClassCondition)

   JacksonAutoConfiguration.JacksonObjectMapperBuilderConfiguration matched:
      - @ConditionalOnClass found required class 'org.springframework.http.converter.json.Jackson2ObjectMapperBuilder' (OnClassCondition)

   JacksonAutoConfiguration.JacksonObjectMapperBuilderConfiguration#jacksonObjectMapperBuilder matched:
      - @ConditionalOnMissingBean (types: org.springframework.http.converter.json.Jackson2ObjectMapperBuilder; SearchStrategy: all) did not find any beans (OnBeanCondition)

   JacksonAutoConfiguration.JacksonObjectMapperConfiguration matched:
      - @ConditionalOnClass found required class 'org.springframework.http.converter.json.Jackson2ObjectMapperBuilder' (OnClassCondition)

   JacksonAutoConfiguration.JacksonObjectMapperConfiguration#jacksonObjectMapper matched:
      - @ConditionalOnMissingBean (types: com.fasterxml.jackson.databind.ObjectMapper; SearchStrategy: all) did not find any beans (OnBeanCondition)

   JacksonAutoConfiguration.ParameterNamesModuleConfiguration matched:
      - @ConditionalOnClass found required class 'com.fasterxml.jackson.module.paramnames.ParameterNamesModule' (OnClassCondition)

   JacksonAutoConfiguration.ParameterNamesModuleConfiguration#parameterNamesModule matched:
      - @ConditionalOnMissingBean (types: com.fasterxml.jackson.module.paramnames.ParameterNamesModule; SearchStrategy: all) did not find any beans (OnBeanCondition)

   JacksonHttpMessageConvertersConfiguration.MappingJackson2HttpMessageConverterConfiguration matched:
      - @ConditionalOnClass found required class 'com.fasterxml.jackson.databind.ObjectMapper' (OnClassCondition)
      - @ConditionalOnProperty (spring.mvc.converters.preferred-json-mapper=jackson) matched (OnPropertyCondition)
      - @ConditionalOnBean (types: com.fasterxml.jackson.databind.ObjectMapper; SearchStrategy: all) found bean 'jacksonObjectMapper' (OnBeanCondition)

   JacksonHttpMessageConvertersConfiguration.MappingJackson2HttpMessageConverterConfiguration#mappingJackson2HttpMessageConverter matched:
      - @ConditionalOnMissingBean (types: org.springframework.http.converter.json.MappingJackson2HttpMessageConverter ignored: org.springframework.hateoas.server.mvc.TypeConstrainedMappingJackson2HttpMessageConverter,org.springframework.data.rest.webmvc.alps.AlpsJsonHttpMessageConverter; SearchStrategy: all) did not find any beans (OnBeanCondition)

   LifecycleAutoConfiguration#defaultLifecycleProcessor matched:
      - @ConditionalOnMissingBean (names: lifecycleProcessor; SearchStrategy: current) did not find any beans (OnBeanCondition)

   MultipartAutoConfiguration matched:
      - @ConditionalOnClass found required classes 'jakarta.servlet.Servlet', 'org.springframework.web.multipart.support.StandardServletMultipartResolver', 'jakarta.servlet.MultipartConfigElement' (OnClassCondition)
      - found 'session' scope (OnWebApplicationCondition)
      - @ConditionalOnProperty (spring.servlet.multipart.enabled) matched (OnPropertyCondition)

   MultipartAutoConfiguration#multipartConfigElement matched:
      - @ConditionalOnMissingBean (types: jakarta.servlet.MultipartConfigElement; SearchStrategy: all) did not find any beans (OnBeanCondition)

   MultipartAutoConfiguration#multipartResolver matched:
      - @ConditionalOnMissingBean (types: org.springframework.web.multipart.MultipartResolver; SearchStrategy: all) did not find any beans (OnBeanCondition)

   NoOpCacheConfiguration matched:
      - Cache org.springframework.boot.autoconfigure.cache.NoOpCacheConfiguration automatic cache type (CacheCondition)

   PropertyPlaceholderAutoConfiguration#propertySourcesPlaceholderConfigurer matched:
      - @ConditionalOnMissingBean (types: org.springframework.context.support.PropertySourcesPlaceholderConfigurer; SearchStrategy: current) did not find any beans (OnBeanCondition)

   RestClientAutoConfiguration matched:
      - @ConditionalOnClass found required class 'org.springframework.web.client.RestClient' (OnClassCondition)
      - NoneNestedConditions 0 matched 1 did not; NestedCondition on NotReactiveWebApplicationCondition.ReactiveWebApplication did not find reactive web application classes (NotReactiveWebApplicationCondition)

   RestClientAutoConfiguration#httpMessageConvertersRestClientCustomizer matched:
      - @ConditionalOnMissingBean (types: org.springframework.boot.autoconfigure.web.client.HttpMessageConvertersRestClientCustomizer; SearchStrategy: all) did not find any beans (OnBeanCondition)

   RestClientAutoConfiguration#restClientBuilder matched:
      - @ConditionalOnMissingBean (types: org.springframework.web.client.RestClient$Builder; SearchStrategy: all) did not find any beans (OnBeanCondition)

   RestClientAutoConfiguration#restClientBuilderConfigurer matched:
      - @ConditionalOnMissingBean (types: org.springframework.boot.autoconfigure.web.client.RestClientBuilderConfigurer; SearchStrategy: all) did not find any beans (OnBeanCondition)

   RestClientAutoConfiguration#restClientSsl matched:
      - @ConditionalOnBean (types: org.springframework.boot.ssl.SslBundles; SearchStrategy: all) found bean 'sslBundleRegistry'; @ConditionalOnMissingBean (types: org.springframework.boot.autoconfigure.web.client.RestClientSsl; SearchStrategy: all) did not find any beans (OnBeanCondition)

   RestTemplateAutoConfiguration matched:
      - @ConditionalOnClass found required class 'org.springframework.web.client.RestTemplate' (OnClassCondition)
      - NoneNestedConditions 0 matched 1 did not; NestedCondition on NotReactiveWebApplicationCondition.ReactiveWebApplication did not find reactive web application classes (NotReactiveWebApplicationCondition)

   RestTemplateAutoConfiguration#restTemplateBuilder matched:
      - @ConditionalOnMissingBean (types: org.springframework.boot.web.client.RestTemplateBuilder; SearchStrategy: all) did not find any beans (OnBeanCondition)

   ServletWebServerFactoryAutoConfiguration matched:
      - @ConditionalOnClass found required class 'jakarta.servlet.ServletRequest' (OnClassCondition)
      - found 'session' scope (OnWebApplicationCondition)

   ServletWebServerFactoryAutoConfiguration#tomcatServletWebServerFactoryCustomizer matched:
      - @ConditionalOnClass found required class 'org.apache.catalina.startup.Tomcat' (OnClassCondition)

   ServletWebServerFactoryConfiguration.EmbeddedTomcat matched:
      - @ConditionalOnClass found required classes 'jakarta.servlet.Servlet', 'org.apache.catalina.startup.Tomcat', 'org.apache.coyote.UpgradeProtocol' (OnClassCondition)
      - @ConditionalOnMissingBean (types: org.springframework.boot.web.servlet.server.ServletWebServerFactory; SearchStrategy: current) did not find any beans (OnBeanCondition)

   SimpleCacheConfiguration matched:
      - Cache org.springframework.boot.autoconfigure.cache.SimpleCacheConfiguration automatic cache type (CacheCondition)

   SqlInitializationAutoConfiguration matched:
      - @ConditionalOnProperty (spring.sql.init.enabled) matched (OnPropertyCondition)
      - NoneNestedConditions 0 matched 1 did not; NestedCondition on SqlInitializationAutoConfiguration.SqlInitializationModeCondition.ModeIsNever @ConditionalOnProperty (spring.sql.init.mode=never) did not find property 'mode' (SqlInitializationAutoConfiguration.SqlInitializationModeCondition)

   SslAutoConfiguration#sslBundleRegistry matched:
      - @ConditionalOnMissingBean (types: org.springframework.boot.ssl.SslBundleRegistry,org.springframework.boot.ssl.SslBundles; SearchStrategy: all) did not find any beans (OnBeanCondition)

   TaskExecutionAutoConfiguration matched:
      - @ConditionalOnClass found required class 'org.springframework.scheduling.concurrent.ThreadPoolTaskExecutor' (OnClassCondition)

   TaskExecutorConfigurations.SimpleAsyncTaskExecutorBuilderConfiguration#simpleAsyncTaskExecutorBuilder matched:
      - @ConditionalOnMissingBean (types: org.springframework.boot.task.SimpleAsyncTaskExecutorBuilder; SearchStrategy: all) did not find any beans (OnBeanCondition)
      - @ConditionalOnThreading found PLATFORM (OnThreadingCondition)

   TaskExecutorConfigurations.TaskExecutorBuilderConfiguration#taskExecutorBuilder matched:
      - @ConditionalOnMissingBean (types: org.springframework.boot.task.TaskExecutorBuilder; SearchStrategy: all) did not find any beans (OnBeanCondition)

   TaskExecutorConfigurations.TaskExecutorConfiguration matched:
      - @ConditionalOnMissingBean (types: java.util.concurrent.Executor; SearchStrategy: all) did not find any beans (OnBeanCondition)

   TaskExecutorConfigurations.TaskExecutorConfiguration#applicationTaskExecutor matched:
      - @ConditionalOnThreading found PLATFORM (OnThreadingCondition)

   TaskExecutorConfigurations.ThreadPoolTaskExecutorBuilderConfiguration#threadPoolTaskExecutorBuilder matched:
      - @ConditionalOnMissingBean (types: org.springframework.boot.task.TaskExecutorBuilder,org.springframework.boot.task.ThreadPoolTaskExecutorBuilder; SearchStrategy: all) did not find any beans (OnBeanCondition)

   TaskSchedulingAutoConfiguration matched:
      - @ConditionalOnClass found required class 'org.springframework.scheduling.concurrent.ThreadPoolTaskScheduler' (OnClassCondition)

   TaskSchedulingConfigurations.SimpleAsyncTaskSchedulerBuilderConfiguration#simpleAsyncTaskSchedulerBuilder matched:
      - @ConditionalOnMissingBean (types: org.springframework.boot.task.SimpleAsyncTaskSchedulerBuilder; SearchStrategy: all) did not find any beans (OnBeanCondition)
      - @ConditionalOnThreading found PLATFORM (OnThreadingCondition)

   TaskSchedulingConfigurations.TaskSchedulerBuilderConfiguration#taskSchedulerBuilder matched:
      - @ConditionalOnMissingBean (types: org.springframework.boot.task.TaskSchedulerBuilder; SearchStrategy: all) did not find any beans (OnBeanCondition)

   TaskSchedulingConfigurations.ThreadPoolTaskSchedulerBuilderConfiguration#threadPoolTaskSchedulerBuilder matched:
      - @ConditionalOnMissingBean (types: org.springframework.boot.task.TaskSchedulerBuilder,org.springframework.boot.task.ThreadPoolTaskSchedulerBuilder; SearchStrategy: all) did not find any beans (OnBeanCondition)

   WebMvcAutoConfiguration matched:
      - @ConditionalOnClass found required classes 'jakarta.servlet.Servlet', 'org.springframework.web.servlet.DispatcherServlet', 'org.springframework.web.servlet.config.annotation.WebMvcConfigurer' (OnClassCondition)
      - found 'session' scope (OnWebApplicationCondition)
      - @ConditionalOnMissingBean (types: org.springframework.web.servlet.config.annotation.WebMvcConfigurationSupport; SearchStrategy: all) did not find any beans (OnBeanCondition)

   WebMvcAutoConfiguration#formContentFilter matched:
      - @ConditionalOnProperty (spring.mvc.formcontent.filter.enabled) matched (OnPropertyCondition)
      - @ConditionalOnMissingBean (types: org.springframework.web.filter.FormContentFilter; SearchStrategy: all) did not find any beans (OnBeanCondition)

   WebMvcAutoConfiguration.EnableWebMvcConfiguration#flashMapManager matched:
      - @ConditionalOnMissingBean (names: flashMapManager; SearchStrategy: all) did not find any beans (OnBeanCondition)

   WebMvcAutoConfiguration.EnableWebMvcConfiguration#localeResolver matched:
      - @ConditionalOnMissingBean (names: localeResolver; SearchStrategy: all) did not find any beans (OnBeanCondition)

   WebMvcAutoConfiguration.EnableWebMvcConfiguration#themeResolver matched:
      - @ConditionalOnMissingBean (names: themeResolver; SearchStrategy: all) did not find any beans (OnBeanCondition)

   WebMvcAutoConfiguration.WebMvcAutoConfigurationAdapter#defaultViewResolver matched:
      - @ConditionalOnMissingBean (types: org.springframework.web.servlet.view.InternalResourceViewResolver; SearchStrategy: all) did not find any beans (OnBeanCondition)

   WebMvcAutoConfiguration.WebMvcAutoConfigurationAdapter#requestContextFilter matched:
      - @ConditionalOnMissingBean (types: org.springframework.web.context.request.RequestContextListener,org.springframework.web.filter.RequestContextFilter; SearchStrategy: all) did not find any beans (OnBeanCondition)

   WebMvcAutoConfiguration.WebMvcAutoConfigurationAdapter#viewResolver matched:
      - @ConditionalOnBean (types: org.springframework.web.servlet.ViewResolver; SearchStrategy: all) found beans 'defaultViewResolver', 'beanNameViewResolver', 'mvcViewResolver'; @ConditionalOnMissingBean (names: viewResolver types: org.springframework.web.servlet.view.ContentNegotiatingViewResolver; SearchStrategy: all) did not find any beans (OnBeanCondition)

   WebSocketServletAutoConfiguration matched:
      - @ConditionalOnClass found required classes 'jakarta.servlet.Servlet', 'jakarta.websocket.server.ServerContainer' (OnClassCondition)
      - found 'session' scope (OnWebApplicationCondition)

   WebSocketServletAutoConfiguration.TomcatWebSocketConfiguration matched:
      - @ConditionalOnClass found required classes 'org.apache.catalina.startup.Tomcat', 'org.apache.tomcat.websocket.server.WsSci' (OnClassCondition)

   WebSocketServletAutoConfiguration.TomcatWebSocketConfiguration#websocketServletWebServerCustomizer matched:
      - @ConditionalOnMissingBean (names: websocketServletWebServerCustomizer; SearchStrategy: all) did not find any beans (OnBeanCondition)


Negative matches:
-----------------

   ActiveMQAutoConfiguration:
      Did not match:
         - @ConditionalOnClass did not find required class 'jakarta.jms.ConnectionFactory' (OnClassCondition)

   AopAutoConfiguration.AspectJAutoProxyingConfiguration:
      Did not match:
         - @ConditionalOnClass did not find required class 'org.aspectj.weaver.Advice' (OnClassCondition)

   ArtemisAutoConfiguration:
      Did not match:
         - @ConditionalOnClass did not find required class 'jakarta.jms.ConnectionFactory' (OnClassCondition)

   BatchAutoConfiguration:
      Did not match:
         - @ConditionalOnClass did not find required class 'org.springframework.batch.core.launch.JobLauncher' (OnClassCondition)

   Cache2kCacheConfiguration:
      Did not match:
         - @ConditionalOnClass did not find required class 'org.cache2k.Cache2kBuilder' (OnClassCondition)

   CacheAutoConfiguration:
      Did not match:
         - @ConditionalOnBean (types: org.springframework.cache.interceptor.CacheAspectSupport; SearchStrategy: all) did not find any beans of type org.springframework.cache.interceptor.CacheAspectSupport (OnBeanCondition)
      Matched:
         - @ConditionalOnClass found required class 'org.springframework.cache.CacheManager' (OnClassCondition)

   CacheAutoConfiguration.CacheManagerEntityManagerFactoryDependsOnPostProcessor:
      Did not match:
         - @ConditionalOnClass did not find required class 'org.springframework.orm.jpa.LocalContainerEntityManagerFactoryBean' (OnClassCondition)
         - Ancestor org.springframework.boot.autoconfigure.cache.CacheAutoConfiguration did not match (ConditionEvaluationReport.AncestorsMatchedCondition)

   CaffeineCacheConfiguration:
      Did not match:
         - @ConditionalOnClass did not find required class 'com.github.benmanes.caffeine.cache.Caffeine' (OnClassCondition)

   CassandraAutoConfiguration:
      Did not match:
         - @ConditionalOnClass did not find required class 'com.datastax.oss.driver.api.core.CqlSession' (OnClassCondition)

   CassandraDataAutoConfiguration:
      Did not match:
         - @ConditionalOnClass did not find required class 'com.datastax.oss.driver.api.core.CqlSession' (OnClassCondition)

   CassandraReactiveDataAutoConfiguration:
      Did not match:
         - @ConditionalOnClass did not find required class 'com.datastax.oss.driver.api.core.CqlSession' (OnClassCondition)

   CassandraReactiveRepositoriesAutoConfiguration:
      Did not match:
         - @ConditionalOnClass did not find required class 'org.springframework.data.cassandra.ReactiveSession' (OnClassCondition)

   CassandraRepositoriesAutoConfiguration:
      Did not match:
         - @ConditionalOnClass did not find required class 'com.datastax.oss.driver.api.core.CqlSession' (OnClassCondition)

   ClientHttpConnectorAutoConfiguration:
      Did not match:
         - @ConditionalOnClass did not find required class 'org.springframework.web.reactive.function.client.WebClient' (OnClassCondition)

   CodecsAutoConfiguration:
      Did not match:
         - @ConditionalOnClass did not find required class 'org.springframework.web.reactive.function.client.WebClient' (OnClassCondition)

   CouchbaseAutoConfiguration:
      Did not match:
         - @ConditionalOnClass did not find required class 'com.couchbase.client.java.Cluster' (OnClassCondition)

   CouchbaseCacheConfiguration:
      Did not match:
         - @ConditionalOnClass did not find required class 'com.couchbase.client.java.Cluster' (OnClassCondition)

   CouchbaseDataAutoConfiguration:
      Did not match:
         - @ConditionalOnClass did not find required class 'com.couchbase.client.java.Bucket' (OnClassCondition)

   CouchbaseReactiveDataAutoConfiguration:
      Did not match:
         - @ConditionalOnClass did not find required class 'com.couchbase.client.java.Cluster' (OnClassCondition)

   CouchbaseReactiveRepositoriesAutoConfiguration:
      Did not match:
         - @ConditionalOnClass did not find required class 'com.couchbase.client.java.Cluster' (OnClassCondition)

   CouchbaseRepositoriesAutoConfiguration:
      Did not match:
         - @ConditionalOnClass did not find required class 'com.couchbase.client.java.Bucket' (OnClassCondition)

   DataSourceAutoConfiguration:
      Did not match:
         - @ConditionalOnClass did not find required class 'org.springframework.jdbc.datasource.embedded.EmbeddedDatabaseType' (OnClassCondition)

   DataSourceInitializationConfiguration:
      Did not match:
         - @ConditionalOnClass did not find required class 'org.springframework.jdbc.datasource.init.DatabasePopulator' (OnClassCondition)

   DataSourceTransactionManagerAutoConfiguration:
      Did not match:
         - @ConditionalOnClass did not find required class 'org.springframework.jdbc.core.JdbcTemplate' (OnClassCondition)

   DispatcherServletAutoConfiguration.DispatcherServletConfiguration#multipartResolver:
      Did not match:
         - @ConditionalOnBean (types: org.springframework.web.multipart.MultipartResolver; SearchStrategy: all) did not find any beans of type org.springframework.web.multipart.MultipartResolver (OnBeanCondition)

   ElasticsearchClientAutoConfiguration:
      Did not match:
         - @ConditionalOnClass did not find required class 'co.elastic.clients.elasticsearch.ElasticsearchClient' (OnClassCondition)

   ElasticsearchDataAutoConfiguration:
      Did not match:
         - @ConditionalOnClass did not find required class 'org.springframework.data.elasticsearch.client.elc.ElasticsearchTemplate' (OnClassCondition)

   ElasticsearchRepositoriesAutoConfiguration:
      Did not match:
         - @ConditionalOnClass did not find required class 'org.springframework.data.elasticsearch.repository.ElasticsearchRepository' (OnClassCondition)

   ElasticsearchRestClientAutoConfiguration:
      Did not match:
         - @ConditionalOnClass did not find required class 'org.elasticsearch.client.RestClientBuilder' (OnClassCondition)

   EmbeddedLdapAutoConfiguration:
      Did not match:
         - @ConditionalOnClass did not find required class 'com.unboundid.ldap.listener.InMemoryDirectoryServer' (OnClassCondition)

   EmbeddedWebServerFactoryCustomizerAutoConfiguration:
      Did not match:
         - Application is deployed as a WAR file. (OnWarDeploymentCondition)
      Matched:
         - @ConditionalOnWebApplication (required) found 'session' scope (OnWebApplicationCondition)

   ErrorWebFluxAutoConfiguration:
      Did not match:
         - @ConditionalOnClass did not find required class 'org.springframework.web.reactive.config.WebFluxConfigurer' (OnClassCondition)

   FlywayAutoConfiguration:
      Did not match:
         - @ConditionalOnClass did not find required class 'org.flywaydb.core.Flyway' (OnClassCondition)

   FreeMarkerAutoConfiguration:
      Did not match:
         - @ConditionalOnClass did not find required class 'freemarker.template.Configuration' (OnClassCondition)

   GraphQlAutoConfiguration:
      Did not match:
         - @ConditionalOnClass did not find required class 'graphql.GraphQL' (OnClassCondition)

   GraphQlQueryByExampleAutoConfiguration:
      Did not match:
         - @ConditionalOnClass did not find required class 'graphql.GraphQL' (OnClassCondition)

   GraphQlQuerydslAutoConfiguration:
      Did not match:
         - @ConditionalOnClass did not find required class 'com.querydsl.core.Query' (OnClassCondition)

   GraphQlRSocketAutoConfiguration:
      Did not match:
         - @ConditionalOnClass did not find required class 'graphql.GraphQL' (OnClassCondition)

   GraphQlReactiveQueryByExampleAutoConfiguration:
      Did not match:
         - @ConditionalOnClass did not find required class 'graphql.GraphQL' (OnClassCondition)

   GraphQlReactiveQuerydslAutoConfiguration:
      Did not match:
         - @ConditionalOnClass did not find required class 'com.querydsl.core.Query' (OnClassCondition)

   GraphQlWebFluxAutoConfiguration:
      Did not match:
         - @ConditionalOnClass did not find required class 'graphql.GraphQL' (OnClassCondition)

   GraphQlWebFluxSecurityAutoConfiguration:
      Did not match:
         - @ConditionalOnClass did not find required class 'graphql.GraphQL' (OnClassCondition)

   GraphQlWebMvcAutoConfiguration:
      Did not match:
         - @ConditionalOnClass did not find required class 'graphql.GraphQL' (OnClassCondition)

   GraphQlWebMvcSecurityAutoConfiguration:
      Did not match:
         - @ConditionalOnClass did not find required class 'graphql.GraphQL' (OnClassCondition)

   GroovyTemplateAutoConfiguration:
      Did not match:
         - @ConditionalOnClass did not find required class 'groovy.text.markup.MarkupTemplateEngine' (OnClassCondition)

   GsonAutoConfiguration:
      Did not match:
         - @ConditionalOnClass did not find required class 'com.google.gson.Gson' (OnClassCondition)

   GsonHttpMessageConvertersConfiguration:
      Did not match:
         - @ConditionalOnClass did not find required class 'com.google.gson.Gson' (OnClassCondition)

   H2ConsoleAutoConfiguration:
      Did not match:
         - @ConditionalOnClass did not find required class 'org.h2.server.web.JakartaWebServlet' (OnClassCondition)

   HazelcastAutoConfiguration:
      Did not match:
         - @ConditionalOnClass did not find required class 'com.hazelcast.core.HazelcastInstance' (OnClassCondition)

   HazelcastCacheConfiguration:
      Did not match:
         - @ConditionalOnClass did not find required class 'com.hazelcast.core.HazelcastInstance' (OnClassCondition)

   HazelcastJpaDependencyAutoConfiguration:
      Did not match:
         - @ConditionalOnClass did not find required class 'com.hazelcast.core.HazelcastInstance' (OnClassCondition)

   HibernateJpaAutoConfiguration:
      Did not match:
         - @ConditionalOnClass did not find required class 'jakarta.persistence.EntityManager' (OnClassCondition)

   HttpHandlerAutoConfiguration:
      Did not match:
         - @ConditionalOnClass did not find required class 'org.springframework.web.reactive.DispatcherHandler' (OnClassCondition)

   HypermediaAutoConfiguration:
      Did not match:
         - @ConditionalOnClass did not find required class 'org.springframework.hateoas.EntityModel' (OnClassCondition)

   InfinispanCacheConfiguration:
      Did not match:
         - @ConditionalOnClass did not find required class 'org.infinispan.spring.embedded.provider.SpringEmbeddedCacheManager' (OnClassCondition)

   InfluxDbAutoConfiguration:
      Did not match:
         - @ConditionalOnClass did not find required class 'org.influxdb.InfluxDB' (OnClassCondition)

   IntegrationAutoConfiguration:
      Did not match:
         - @ConditionalOnClass did not find required class 'org.springframework.integration.config.EnableIntegration' (OnClassCondition)

   JCacheCacheConfiguration:
[...]

   OAuth2AuthorizationServerAutoConfiguration:
      Did not match:
         - @ConditionalOnClass did not find required class 'org.springframework.security.oauth2.server.authorization.OAuth2Authorization' (OnClassCondition)

   OAuth2AuthorizationServerJwtAutoConfiguration:
      Did not match:
         - @ConditionalOnClass did not find required class 'org.springframework.security.oauth2.server.authorization.OAuth2Authorization' (OnClassCondition)

   OAuth2ClientAutoConfiguration:
      Did not match:
         - @ConditionalOnClass did not find required class 'org.springframework.security.config.annotation.web.configuration.EnableWebSecurity' (OnClassCondition)

   OAuth2ResourceServerAutoConfiguration:
      Did not match:
         - @ConditionalOnClass did not find required class 'org.springframework.security.oauth2.server.resource.authentication.BearerTokenAuthenticationToken' (OnClassCondition)

   PersistenceExceptionTranslationAutoConfiguration:
      Did not match:
         - @ConditionalOnClass did not find required class 'org.springframework.dao.annotation.PersistenceExceptionTranslationPostProcessor' (OnClassCondition)

   ProjectInfoAutoConfiguration#buildProperties:
      Did not match:
         - @ConditionalOnResource did not find resource '${spring.info.build.location:classpath:META-INF/build-info.properties}' (OnResourceCondition)

   ProjectInfoAutoConfiguration#gitProperties:
      Did not match:
         - GitResource did not find git info at classpath:git.properties (ProjectInfoAutoConfiguration.GitResourceAvailableCondition)

   PulsarAutoConfiguration:
      Did not match:
         - @ConditionalOnClass did not find required class 'org.apache.pulsar.client.api.PulsarClient' (OnClassCondition)

   PulsarReactiveAutoConfiguration:
      Did not match:
         - @ConditionalOnClass did not find required class 'org.apache.pulsar.client.api.PulsarClient' (OnClassCondition)

   QuartzAutoConfiguration:
      Did not match:
         - @ConditionalOnClass did not find required class 'org.quartz.Scheduler' (OnClassCondition)

   R2dbcAutoConfiguration:
      Did not match:
         - @ConditionalOnClass did not find required class 'io.r2dbc.spi.ConnectionFactory' (OnClassCondition)

   R2dbcDataAutoConfiguration:
      Did not match:
         - @ConditionalOnClass did not find required class 'org.springframework.data.r2dbc.core.R2dbcEntityTemplate' (OnClassCondition)

   R2dbcInitializationConfiguration:
      Did not match:
         - @ConditionalOnClass did not find required classes 'io.r2dbc.spi.ConnectionFactory', 'org.springframework.r2dbc.connection.init.DatabasePopulator' (OnClassCondition)

   R2dbcRepositoriesAutoConfiguration:
      Did not match:
         - @ConditionalOnClass did not find required class 'io.r2dbc.spi.ConnectionFactory' (OnClassCondition)

   R2dbcTransactionManagerAutoConfiguration:
      Did not match:
         - @ConditionalOnClass did not find required class 'org.springframework.r2dbc.connection.R2dbcTransactionManager' (OnClassCondition)

   RSocketGraphQlClientAutoConfiguration:
      Did not match:
         - @ConditionalOnClass did not find required class 'graphql.GraphQL' (OnClassCondition)

   RSocketMessagingAutoConfiguration:
      Did not match:
         - @ConditionalOnClass did not find required class 'io.rsocket.RSocket' (OnClassCondition)

   RSocketRequesterAutoConfiguration:
      Did not match:
         - @ConditionalOnClass did not find required class 'io.rsocket.RSocket' (OnClassCondition)

   RSocketSecurityAutoConfiguration:
      Did not match:
         - @ConditionalOnClass did not find required class 'org.springframework.security.rsocket.core.SecuritySocketAcceptorInterceptor' (OnClassCondition)

   RSocketServerAutoConfiguration:
      Did not match:
         - @ConditionalOnClass did not find required class 'io.rsocket.core.RSocketServer' (OnClassCondition)

   RSocketStrategiesAutoConfiguration:
      Did not match:
         - @ConditionalOnClass did not find required class 'io.netty.buffer.PooledByteBufAllocator' (OnClassCondition)

   RabbitAutoConfiguration:
      Did not match:
         - @ConditionalOnClass did not find required class 'com.rabbitmq.client.Channel' (OnClassCondition)

   ReactiveElasticsearchClientAutoConfiguration:
      Did not match:
         - @ConditionalOnClass did not find required class 'co.elastic.clients.transport.ElasticsearchTransport' (OnClassCondition)

   ReactiveElasticsearchRepositoriesAutoConfiguration:
      Did not match:
         - @ConditionalOnClass did not find required class 'org.springframework.data.elasticsearch.client.elc.ReactiveElasticsearchClient' (OnClassCondition)

   ReactiveMultipartAutoConfiguration:
      Did not match:
         - @ConditionalOnClass did not find required class 'org.springframework.web.reactive.config.WebFluxConfigurer' (OnClassCondition)

   ReactiveOAuth2ClientAutoConfiguration:
      Did not match:
         - @ConditionalOnClass did not find required class 'reactor.core.publisher.Flux' (OnClassCondition)

   ReactiveOAuth2ResourceServerAutoConfiguration:
      Did not match:
         - @ConditionalOnClass did not find required class 'org.springframework.security.config.annotation.web.reactive.EnableWebFluxSecurity' (OnClassCondition)

   ReactiveSecurityAutoConfiguration:
      Did not match:
         - @ConditionalOnClass did not find required class 'reactor.core.publisher.Flux' (OnClassCondition)

   ReactiveUserDetailsServiceAutoConfiguration:
      Did not match:
         - @ConditionalOnClass did not find required class 'org.springframework.security.authentication.ReactiveAuthenticationManager' (OnClassCondition)

   ReactiveWebServerFactoryAutoConfiguration:
      Did not match:
         - @ConditionalOnWebApplication did not find reactive web application classes (OnWebApplicationCondition)

   ReactorAutoConfiguration:
      Did not match:
         - @ConditionalOnClass did not find required class 'reactor.core.publisher.Hooks' (OnClassCondition)

   RedisAutoConfiguration:
      Did not match:
         - @ConditionalOnClass did not find required class 'org.springframework.data.redis.core.RedisOperations' (OnClassCondition)

   RedisCacheConfiguration:
      Did not match:
         - @ConditionalOnClass did not find required class 'org.springframework.data.redis.connection.RedisConnectionFactory' (OnClassCondition)

   RedisReactiveAutoConfiguration:
      Did not match:
         - @ConditionalOnClass did not find required class 'reactor.core.publisher.Flux' (OnClassCondition)

   RedisRepositoriesAutoConfiguration:
      Did not match:
         - @ConditionalOnClass did not find required class 'org.springframework.data.redis.repository.configuration.EnableRedisRepositories' (OnClassCondition)

   RepositoryRestMvcAutoConfiguration:
      Did not match:
         - @ConditionalOnClass did not find required class 'org.springframework.data.rest.webmvc.config.RepositoryRestMvcConfiguration' (OnClassCondition)

   Saml2RelyingPartyAutoConfiguration:
      Did not match:
         - @ConditionalOnClass did not find required class 'org.springframework.security.saml2.provider.service.registration.RelyingPartyRegistrationRepository' (OnClassCondition)

   SecurityAutoConfiguration:
      Did not match:
         - @ConditionalOnClass did not find required class 'org.springframework.security.authentication.DefaultAuthenticationEventPublisher' (OnClassCondition)

   SecurityFilterAutoConfiguration:
      Did not match:
         - @ConditionalOnClass did not find required class 'org.springframework.security.config.http.SessionCreationPolicy' (OnClassCondition)

   SendGridAutoConfiguration:
      Did not match:
         - @ConditionalOnClass did not find required class 'com.sendgrid.SendGrid' (OnClassCondition)

   ServletWebServerFactoryAutoConfiguration.ForwardedHeaderFilterConfiguration:
      Did not match:
         - @ConditionalOnProperty (server.forward-headers-strategy=framework) did not find property 'server.forward-headers-strategy' (OnPropertyCondition)

   ServletWebServerFactoryConfiguration.EmbeddedJetty:
      Did not match:
         - @ConditionalOnClass did not find required classes 'org.eclipse.jetty.server.Server', 'org.eclipse.jetty.util.Loader', 'org.eclipse.jetty.ee10.webapp.WebAppContext' (OnClassCondition)

   ServletWebServerFactoryConfiguration.EmbeddedUndertow:
      Did not match:
         - @ConditionalOnClass did not find required classes 'io.undertow.Undertow', 'org.xnio.SslClientAuthMode' (OnClassCondition)

   SessionAutoConfiguration:
      Did not match:
         - @ConditionalOnClass did not find required class 'org.springframework.session.Session' (OnClassCondition)

   SpringApplicationAdminJmxAutoConfiguration:
      Did not match:
         - @ConditionalOnProperty (spring.application.admin.enabled=true) did not find property 'enabled' (OnPropertyCondition)

   SpringDataWebAutoConfiguration:
      Did not match:
         - @ConditionalOnClass did not find required class 'org.springframework.data.web.PageableHandlerMethodArgumentResolver' (OnClassCondition)

   TaskExecutorConfigurations.SimpleAsyncTaskExecutorBuilderConfiguration#simpleAsyncTaskExecutorBuilderVirtualThreads:
      Did not match:
         - @ConditionalOnMissingBean (types: org.springframework.boot.task.SimpleAsyncTaskExecutorBuilder; SearchStrategy: all) found beans of type 'org.springframework.boot.task.SimpleAsyncTaskExecutorBuilder' simpleAsyncTaskExecutorBuilder (OnBeanCondition)

   TaskExecutorConfigurations.TaskExecutorConfiguration#applicationTaskExecutorVirtualThreads:
      Did not match:
         - @ConditionalOnThreading did not find VIRTUAL (OnThreadingCondition)

   TaskSchedulingAutoConfiguration#scheduledBeanLazyInitializationExcludeFilter:
      Did not match:
         - @ConditionalOnBean (names: org.springframework.context.annotation.internalScheduledAnnotationProcessor; SearchStrategy: all) did not find any beans named org.springframework.context.annotation.internalScheduledAnnotationProcessor (OnBeanCondition)

   TaskSchedulingConfigurations.SimpleAsyncTaskSchedulerBuilderConfiguration#simpleAsyncTaskSchedulerBuilderVirtualThreads:
      Did not match:
         - @ConditionalOnMissingBean (types: org.springframework.boot.task.SimpleAsyncTaskSchedulerBuilder; SearchStrategy: all) found beans of type 'org.springframework.boot.task.SimpleAsyncTaskSchedulerBuilder' simpleAsyncTaskSchedulerBuilder (OnBeanCondition)

   TaskSchedulingConfigurations.TaskSchedulerConfiguration:
      Did not match:
         - @ConditionalOnBean (names: org.springframework.context.annotation.internalScheduledAnnotationProcessor; SearchStrategy: all) did not find any beans named org.springframework.context.annotation.internalScheduledAnnotationProcessor (OnBeanCondition)

   ThymeleafAutoConfiguration:
      Did not match:
         - @ConditionalOnClass did not find required class 'org.thymeleaf.spring6.SpringTemplateEngine' (OnClassCondition)

   TransactionAutoConfiguration:
      Did not match:
         - @ConditionalOnClass did not find required class 'org.springframework.transaction.PlatformTransactionManager' (OnClassCondition)

   TransactionManagerCustomizationAutoConfiguration:
      Did not match:
         - @ConditionalOnClass did not find required class 'org.springframework.transaction.PlatformTransactionManager' (OnClassCondition)

   UserDetailsServiceAutoConfiguration:
      Did not match:
         - @ConditionalOnClass did not find required class 'org.springframework.security.authentication.AuthenticationManager' (OnClassCondition)

   ValidationAutoConfiguration:
      Did not match:
         - @ConditionalOnClass did not find required class 'jakarta.validation.executable.ExecutableValidator' (OnClassCondition)

   WebClientAutoConfiguration:
      Did not match:
         - @ConditionalOnClass did not find required class 'org.springframework.web.reactive.function.client.WebClient' (OnClassCondition)

   WebFluxAutoConfiguration:
      Did not match:
         - @ConditionalOnClass did not find required class 'org.springframework.web.reactive.config.WebFluxConfigurer' (OnClassCondition)

   WebMvcAutoConfiguration#hiddenHttpMethodFilter:
      Did not match:
         - @ConditionalOnProperty (spring.mvc.hiddenmethod.filter.enabled) did not find property 'enabled' (OnPropertyCondition)

   WebMvcAutoConfiguration.ProblemDetailsErrorHandlingConfiguration:
      Did not match:
         - @ConditionalOnProperty (spring.mvc.problemdetails.enabled=true) did not find property 'enabled' (OnPropertyCondition)

   WebMvcAutoConfiguration.ResourceChainCustomizerConfiguration:
      Did not match:
         - @ConditionalOnEnabledResourceChain did not find class org.webjars.WebJarAssetLocator (OnEnabledResourceChainCondition)

   WebMvcAutoConfiguration.WebMvcAutoConfigurationAdapter#beanNameViewResolver:
      Did not match:
         - @ConditionalOnMissingBean (types: org.springframework.web.servlet.view.BeanNameViewResolver; SearchStrategy: all) found beans of type 'org.springframework.web.servlet.view.BeanNameViewResolver' beanNameViewResolver (OnBeanCondition)

   WebServiceTemplateAutoConfiguration:
      Did not match:
         - @ConditionalOnClass did not find required class 'org.springframework.oxm.Marshaller' (OnClassCondition)

   WebServicesAutoConfiguration:
      Did not match:
         - @ConditionalOnClass did not find required class 'org.springframework.ws.transport.http.MessageDispatcherServlet' (OnClassCondition)

   WebSessionIdResolverAutoConfiguration:
      Did not match:
         - @ConditionalOnClass did not find required class 'reactor.core.publisher.Mono' (OnClassCondition)

   WebSocketMessagingAutoConfiguration:
      Did not match:
         - @ConditionalOnClass did not find required class 'org.springframework.web.socket.config.annotation.WebSocketMessageBrokerConfigurer' (OnClassCondition)

   WebSocketReactiveAutoConfiguration:
      Did not match:
         - @ConditionalOnWebApplication did not find reactive web application classes (OnWebApplicationCondition)

   WebSocketServletAutoConfiguration.JettyWebSocketConfiguration:
      Did not match:
         - @ConditionalOnClass did not find required class 'org.eclipse.jetty.ee10.websocket.jakarta.server.config.JakartaWebSocketServletContainerInitializer' (OnClassCondition)

   WebSocketServletAutoConfiguration.UndertowWebSocketConfiguration:
      Did not match:
         - @ConditionalOnClass did not find required class 'io.undertow.websockets.jsr.Bootstrap' (OnClassCondition)

   XADataSourceAutoConfiguration:
      Did not match:
         - @ConditionalOnClass did not find required class 'jakarta.transaction.TransactionManager' (OnClassCondition)


Exclusions:
-----------

    None


Unconditional classes:
----------------------

    org.springframework.boot.autoconfigure.context.ConfigurationPropertiesAutoConfiguration

    org.springframework.boot.autoconfigure.ssl.SslAutoConfiguration

    org.springframework.boot.autoconfigure.context.LifecycleAutoConfiguration

    org.springframework.boot.autoconfigure.context.PropertyPlaceholderAutoConfiguration

    org.springframework.boot.autoconfigure.availability.ApplicationAvailabilityAutoConfiguration

    org.springframework.boot.autoconfigure.info.ProjectInfoAutoConfiguration



15:25:07.683 [main] INFO  c.t.UnderstandThreadsWithSpringBootApiApplicationTests : Started UnderstandThreadsWithSpringBootApiApplicationTests in 4.284 seconds (process running for 6.559)
15:25:07.689 [main] DEBUG o.s.b.a.ApplicationAvailabilityBean : Application availability state LivenessState changed to CORRECT
15:25:07.694 [main] DEBUG o.s.b.a.ApplicationAvailabilityBean : Application availability state ReadinessState changed to ACCEPTING_TRAFFIC
15:25:07.701 [main] DEBUG o.springframework.test.context.cache : Spring test ApplicationContext cache statistics: [DefaultContextCache@483b0690 size = 1, maxSize = 32, parentContextCount = 0, hitCount = 0, missCount = 1, failureCount = 0]
15:25:07.702 [main] DEBUG o.s.t.c.w.ServletTestExecutionListener : Setting up MockHttpServletRequest, MockHttpServletResponse, ServletWebRequest, and RequestContextHolder for test class com.ttknpdev.UnderstandThreadsWithSpringBootApiApplicationTests
15:25:07.738 [main] DEBUG o.s.t.c.s.DependencyInjectionTestExecutionListener : Performing dependency injection for test class com.ttknpdev.UnderstandThreadsWithSpringBootApiApplicationTests
15:25:07.739 [main] DEBUG o.springframework.test.context.cache : Spring test ApplicationContext cache statistics: [DefaultContextCache@483b0690 size = 1, maxSize = 32, parentContextCount = 0, hitCount = 1, missCount = 1, failureCount = 0]
15:25:07.741 [main] DEBUG o.springframework.test.context.cache : Spring test ApplicationContext cache statistics: [DefaultContextCache@483b0690 size = 1, maxSize = 32, parentContextCount = 0, hitCount = 2, missCount = 1, failureCount = 0]
15:25:07.783 [main] DEBUG o.s.t.c.s.DirtiesContextBeforeModesTestExecutionListener : Before test method: class [UnderstandThreadsWithSpringBootApiApplicationTests], method [contextLoads], class annotated with @DirtiesContext [false] with mode [null], method annotated with @DirtiesContext [false] with mode [null]
15:25:07.784 [main] DEBUG o.springframework.test.context.cache : Spring test ApplicationContext cache statistics: [DefaultContextCache@483b0690 size = 1, maxSize = 32, parentContextCount = 0, hitCount = 3, missCount = 1, failureCount = 0]
15:25:07.785 [main] DEBUG o.springframework.test.context.cache : Spring test ApplicationContext cache statistics: [DefaultContextCache@483b0690 size = 1, maxSize = 32, parentContextCount = 0, hitCount = 4, missCount = 1, failureCount = 0]
15:25:09.605 [main] DEBUG o.springframework.test.context.cache : Spring test ApplicationContext cache statistics: [DefaultContextCache@483b0690 size = 1, maxSize = 32, parentContextCount = 0, hitCount = 5, missCount = 1, failureCount = 0]
15:25:09.646 [main] DEBUG o.springframework.test.context.cache : Spring test ApplicationContext cache statistics: [DefaultContextCache@483b0690 size = 1, maxSize = 32, parentContextCount = 0, hitCount = 6, missCount = 1, failureCount = 0]
15:25:09.647 [main] DEBUG o.springframework.test.context.cache : Spring test ApplicationContext cache statistics: [DefaultContextCache@483b0690 size = 1, maxSize = 32, parentContextCount = 0, hitCount = 7, missCount = 1, failureCount = 0]
15:25:09.647 [main] DEBUG o.springframework.test.context.cache : Spring test ApplicationContext cache statistics: [DefaultContextCache@483b0690 size = 1, maxSize = 32, parentContextCount = 0, hitCount = 8, missCount = 1, failureCount = 0]
15:25:09.648 [main] DEBUG o.springframework.test.context.cache : Spring test ApplicationContext cache statistics: [DefaultContextCache@483b0690 size = 1, maxSize = 32, parentContextCount = 0, hitCount = 9, missCount = 1, failureCount = 0]
15:25:09.650 [main] DEBUG o.springframework.test.context.cache : Spring test ApplicationContext cache statistics: [DefaultContextCache@483b0690 size = 1, maxSize = 32, parentContextCount = 0, hitCount = 10, missCount = 1, failureCount = 0]
15:25:09.652 [main] DEBUG o.springframework.test.context.cache : Spring test ApplicationContext cache statistics: [DefaultContextCache@483b0690 size = 1, maxSize = 32, parentContextCount = 0, hitCount = 11, missCount = 1, failureCount = 0]
15:25:09.652 [main] DEBUG o.s.t.c.s.DirtiesContextTestExecutionListener : After test method: class [UnderstandThreadsWithSpringBootApiApplicationTests], method [contextLoads], class annotated with @DirtiesContext [false] with mode [null], method annotated with @DirtiesContext [false] with mode [null]
15:25:09.653 [main] DEBUG o.s.t.c.w.ServletTestExecutionListener : Resetting RequestContextHolder for test class com.ttknpdev.UnderstandThreadsWithSpringBootApiApplicationTests
]]></system-out>
  </testcase>
</testsuite>